Using pre-set license
Built from '2020.3/staging' branch; Version is '2020.3.20f1 (41c4e627c95f) revision 4310246'; Using compiler version '192528614'; Build Type 'Release'
OS: 'Windows 10 Pro; OS build 19044.2486; Version 2009; 64bit' Language: 'ja' Physical Memory: 8105 MB
BatchMode: 1, IsHumanControllingUs: 0, StartBugReporterOnCrash: 0, Is64bit: 1, IsPro: 0

COMMAND LINE ARGUMENTS:
C:\Users\user\Downloads\progrma download\unity.2020\Editor\Unity.exe
-adb2
-batchMode
-noUpm
-name
AssetImportWorker0
-projectPath
C:/Users/user/OneDrive/桌面/ゲーム開発/cowboy
-logFile
Logs/AssetImportWorker0.log
-srvPort
50251
Successfully changed project path to: C:/Users/user/OneDrive/桌面/ゲーム開発/cowboy
C:/Users/user/OneDrive/桌面/ゲーム開発/cowboy
Using Asset Import Pipeline V2.
Refreshing native plugins compatible for Editor in 52.40 ms, found 2 plugins.
Preloading 0 native plugins for Editor in 0.00 ms.
Initialize engine version: 2020.3.20f1 (41c4e627c95f)
[Subsystems] Discovering subsystems at path C:/Users/user/Downloads/progrma download/unity.2020/Editor/Data/Resources/UnitySubsystems
[Subsystems] Discovering subsystems at path C:/Users/user/OneDrive/桌面/ゲーム開発/cowboy/Assets
GfxDevice: creating device client; threaded=0
Direct3D:
    Version:  Direct3D 11.0 [level 11.1]
    Renderer: Intel(R) Iris(R) Plus Graphics 650 (ID=0x5927)
    Vendor:   
    VRAM:     4052 MB
    Driver:   31.0.101.2111
Initialize mono
Mono path[0] = 'C:/Users/user/Downloads/progrma download/unity.2020/Editor/Data/Managed'
Mono path[1] = 'C:/Users/user/Downloads/progrma download/unity.2020/Editor/Data/MonoBleedingEdge/lib/mono/unityjit'
Mono config path = 'C:/Users/user/Downloads/progrma download/unity.2020/Editor/Data/MonoBleedingEdge/etc'
Using monoOptions --debugger-agent=transport=dt_socket,embedding=1,server=y,suspend=n,address=127.0.0.1:56808
Begin MonoManager ReloadAssembly
Registering precompiled unity dll's ...
Register platform support module: C:/Users/user/Downloads/progrma download/unity.2020/Editor/Data/PlaybackEngines/WindowsStandaloneSupport/UnityEditor.WindowsStandalone.Extensions.dll
Registered in 0.002056 seconds.
Native extension for WindowsStandalone target not found
Refreshing native plugins compatible for Editor in 42.11 ms, found 2 plugins.
Preloading 0 native plugins for Editor in 0.00 ms.
Mono: successfully reloaded assembly
- Completed reload, in  1.653 seconds
Domain Reload Profiling:
	ReloadAssembly (1654ms)
		BeginReloadAssembly (66ms)
			ExecutionOrderSort (0ms)
			DisableScriptedObjects (0ms)
			BackupInstance (0ms)
			ReleaseScriptingObjects (0ms)
			CreateAndSetChildDomain (1ms)
		EndReloadAssembly (629ms)
			LoadAssemblies (63ms)
			RebuildTransferFunctionScriptingTraits (0ms)
			SetupTypeCache (251ms)
			ReleaseScriptCaches (0ms)
			RebuildScriptCaches (48ms)
			SetupLoadedEditorAssemblies (206ms)
				LogAssemblyErrors (0ms)
				InitializePlatformSupportModulesInManaged (6ms)
				SetLoadedEditorAssemblies (0ms)
				RefreshPlugins (42ms)
				BeforeProcessingInitializeOnLoad (18ms)
				ProcessInitializeOnLoadAttributes (105ms)
				ProcessInitializeOnLoadMethodAttributes (35ms)
				AfterProcessingInitializeOnLoad (0ms)
				EditorAssembliesLoaded (0ms)
			ExecutionOrderSort2 (0ms)
			AwakeInstancesAfterBackupRestoration (0ms)
Platform modules already initialized, skipping
Registering precompiled user dll's ...
Registered in 0.003196 seconds.
Begin MonoManager ReloadAssembly
Native extension for WindowsStandalone target not found
Refreshing native plugins compatible for Editor in 0.44 ms, found 2 plugins.
Preloading 0 native plugins for Editor in 0.00 ms.
Mono: successfully reloaded assembly
- Completed reload, in  1.371 seconds
Domain Reload Profiling:
	ReloadAssembly (1372ms)
		BeginReloadAssembly (195ms)
			ExecutionOrderSort (0ms)
			DisableScriptedObjects (6ms)
			BackupInstance (0ms)
			ReleaseScriptingObjects (0ms)
			CreateAndSetChildDomain (22ms)
		EndReloadAssembly (1089ms)
			LoadAssemblies (106ms)
			RebuildTransferFunctionScriptingTraits (0ms)
			SetupTypeCache (397ms)
			ReleaseScriptCaches (0ms)
			RebuildScriptCaches (49ms)
			SetupLoadedEditorAssemblies (429ms)
				LogAssemblyErrors (0ms)
				InitializePlatformSupportModulesInManaged (5ms)
				SetLoadedEditorAssemblies (0ms)
				RefreshPlugins (1ms)
				BeforeProcessingInitializeOnLoad (125ms)
				ProcessInitializeOnLoadAttributes (287ms)
				ProcessInitializeOnLoadMethodAttributes (5ms)
				AfterProcessingInitializeOnLoad (7ms)
				EditorAssembliesLoaded (0ms)
			ExecutionOrderSort2 (0ms)
			AwakeInstancesAfterBackupRestoration (6ms)
Platform modules already initialized, skipping
========================================================================
Worker process is ready to serve import requests
Launched and connected shader compiler UnityShaderCompiler.exe after 0.06 seconds
Refreshing native plugins compatible for Editor in 0.41 ms, found 2 plugins.
Preloading 0 native plugins for Editor in 0.00 ms.
Unloading 1501 Unused Serialized files (Serialized files now loaded: 0)
System memory in use before: 80.6 MB.
System memory in use after: 80.7 MB.

Unloading 29 unused Assets to reduce memory usage. Loaded Objects now: 1944.
Total: 3.792500 ms (FindLiveObjects: 0.225300 ms CreateObjectMapping: 0.082600 ms MarkObjects: 3.390200 ms  DeleteObjects: 0.092900 ms)

AssetImportParameters requested are different than current active one (requested -> active):
  custom:framework-win-MediaFoundation: 216162199b28c13a410421893ffa2e32 -> 
  custom:video-decoder-ogg-theora: a1e56fd34408186e4bbccfd4996cb3dc -> 
  custom:container-muxer-webm: aa71ff27fc2769a1b78a27578f13a17b -> 
  custom:container-demuxer-webm: 4f35f7cbe854078d1ac9338744f61a02 -> 
  custom:container-demuxer-ogg: 62fdf1f143b41e24485cea50d1cbac27 -> 
  custom:video-encoder-webm-vp8: eb34c28f22e8b96e1ab97ce403110664 -> 
  custom:video-decoder-webm-vp8: 9c59270c3fd7afecdb556c50c9e8de78 -> 
  custom:audio-decoder-ogg-vorbis: bf7c407c2cedff20999df2af8eb42d56 -> 
  custom:audio-encoder-webm-vorbis: bf7c407c2cedff20999df2af8eb42d56 -> 
========================================================================
Received Import Request.
  path: Assets/Tree.prefab
  artifactKey: Guid(a7a00752689bab84bbe16f2025725592) Importer(815301076,1909f56bfc062723c751e8b465ee728b)
Start importing Assets/Tree.prefab using Guid(a7a00752689bab84bbe16f2025725592) Importer(815301076,1909f56bfc062723c751e8b465ee728b)  -> (artifact id: '1127fdfb817012bbce7d0cda239d922f') in 0.757835 seconds 
  Import took 0.761611 seconds .

========================================================================
Received Import Request.
  Time since last request: 0.000253 seconds.
  path: Assets/New Terrain.asset
  artifactKey: Guid(569bf781a6f804b42814f1883d2aed90) Importer(815301076,1909f56bfc062723c751e8b465ee728b)
Start importing Assets/New Terrain.asset using Guid(569bf781a6f804b42814f1883d2aed90) Importer(815301076,1909f56bfc062723c751e8b465ee728b)  -> (artifact id: '6a13b4fe3f106a3351dec688b574ebc0') in 0.050565 seconds 
  Import took 0.055277 seconds .

========================================================================
Received Import Request.
  Time since last request: 4.440915 seconds.
  path: Assets/Hand Painted Grass  Texture
  artifactKey: Guid(59ab921e7645b434787c4aff5ed4ee4c) Importer(815301076,1909f56bfc062723c751e8b465ee728b)
Start importing Assets/Hand Painted Grass  Texture using Guid(59ab921e7645b434787c4aff5ed4ee4c) Importer(815301076,1909f56bfc062723c751e8b465ee728b)  -> (artifact id: '6f8d97b0381a76a940fdc55415750b1c') in 0.016588 seconds 
  Import took 0.021466 seconds .

========================================================================
Received Import Request.
  Time since last request: 1.166659 seconds.
  path: Assets/Editor
  artifactKey: Guid(9a2df797eb7ea8e44843144af9429b99) Importer(815301076,1909f56bfc062723c751e8b465ee728b)
Start importing Assets/Editor using Guid(9a2df797eb7ea8e44843144af9429b99) Importer(815301076,1909f56bfc062723c751e8b465ee728b)  -> (artifact id: '0444d6da485580535437c8f7bfc283a6') in 0.073989 seconds 
  Import took 0.091316 seconds .

========================================================================
Received Import Request.
  Time since last request: 4.351760 seconds.
  path: Assets
  artifactKey: Guid(00000000000000001000000000000000) Importer(815301076,1909f56bfc062723c751e8b465ee728b)
Start importing Assets using Guid(00000000000000001000000000000000) Importer(815301076,1909f56bfc062723c751e8b465ee728b)  -> (artifact id: '42d402b061de3733987d63b9cc3b64de') in 0.014392 seconds 
  Import took 0.025228 seconds .

========================================================================
Received Import Request.
  Time since last request: 13.145028 seconds.
  path: Assets/stage.obj
  artifactKey: Guid(1d449d1c9c3b23640b0b978e7ebc1a6f) Importer(815301076,1909f56bfc062723c751e8b465ee728b)
Start importing Assets/stage.obj using Guid(1d449d1c9c3b23640b0b978e7ebc1a6f) Importer(815301076,1909f56bfc062723c751e8b465ee728b)  -> (artifact id: 'd7222f4f2b51a41f94aa0df22a11a696') in 0.021220 seconds 
  Import took 0.029989 seconds .

========================================================================
Received Import Request.
  Time since last request: 11.951814 seconds.
  path: Assets/grass
  artifactKey: Guid(59ab921e7645b434787c4aff5ed4ee4c) Importer(815301076,1909f56bfc062723c751e8b465ee728b)
Start importing Assets/grass using Guid(59ab921e7645b434787c4aff5ed4ee4c) Importer(815301076,1909f56bfc062723c751e8b465ee728b)  -> (artifact id: 'b2b5635e709250b30fa6a8a71a8c78f4') in 0.018082 seconds 
  Import took 0.027715 seconds .

========================================================================
Received Import Request.
  Time since last request: 14.048495 seconds.
  path: Assets/stage.obj/grass/Material
  artifactKey: Guid(1e4ee3f2ef834cf479ff6efa97ec7922) Importer(815301076,1909f56bfc062723c751e8b465ee728b)
Start importing Assets/stage.obj/grass/Material using Guid(1e4ee3f2ef834cf479ff6efa97ec7922) Importer(815301076,1909f56bfc062723c751e8b465ee728b)  -> (artifact id: '30035279770d2eb243a7694ee8fa84a5') in 0.015015 seconds 
  Import took 0.022728 seconds .

========================================================================
Received Import Request.
  Time since last request: 0.041453 seconds.
  path: Assets/stage.obj/grass/Material/Gtass_mobile.mat
  artifactKey: Guid(2ed5ac5bee18ffe4396d871af249a6b7) Importer(815301076,1909f56bfc062723c751e8b465ee728b)
Start importing Assets/stage.obj/grass/Material/Gtass_mobile.mat using Guid(2ed5ac5bee18ffe4396d871af249a6b7) Importer(815301076,1909f56bfc062723c751e8b465ee728b)  -> (artifact id: '7a36482d02d5ac0b2d859f3fcb4d4ebe') in 0.147681 seconds 
  Import took 0.152650 seconds .

========================================================================
Received Import Request.
  Time since last request: 0.000246 seconds.
  path: Assets/stage.obj/grass/Material/Gtass_normal.mat
  artifactKey: Guid(ffa9f731b331c2e40a2d09ecab6118c2) Importer(815301076,1909f56bfc062723c751e8b465ee728b)
Start importing Assets/stage.obj/grass/Material/Gtass_normal.mat using Guid(ffa9f731b331c2e40a2d09ecab6118c2) Importer(815301076,1909f56bfc062723c751e8b465ee728b)  -> (artifact id: 'a474d4468219a2557eca8c21886e98e7') in 0.521912 seconds 
  Import took 0.560995 seconds .

========================================================================
Received Import Request.
  Time since last request: 16.247875 seconds.
  path: Assets/stage.obj/grass/Texture/Grass_Base_Color.png
  artifactKey: Guid(3e56fccbd43645846b91452f3498941d) Importer(815301076,1909f56bfc062723c751e8b465ee728b)
Start importing Assets/stage.obj/grass/Texture/Grass_Base_Color.png using Guid(3e56fccbd43645846b91452f3498941d) Importer(815301076,1909f56bfc062723c751e8b465ee728b)  -> (artifact id: 'a4a40e483c88073338d1d1b9410bce0a') in 0.141634 seconds 
  Import took 0.145454 seconds .

========================================================================
Received Import Request.
  Time since last request: 199.424290 seconds.
  path: Assets/stage.obj/grass/Material/NewLayer.terrainlayer
  artifactKey: Guid(e28cdf4a39f06cb4980ed22e5c90217f) Importer(815301076,1909f56bfc062723c751e8b465ee728b)
Start importing Assets/stage.obj/grass/Material/NewLayer.terrainlayer using Guid(e28cdf4a39f06cb4980ed22e5c90217f) Importer(815301076,1909f56bfc062723c751e8b465ee728b)  -> (artifact id: 'fded29c5c97b3a876a81ba7e25561340') in 0.056445 seconds 
  Import took 0.068206 seconds .

========================================================================
Received Import Request.
  Time since last request: 22.596835 seconds.
  path: Assets/stage.obj/New Terrain.asset
  artifactKey: Guid(569bf781a6f804b42814f1883d2aed90) Importer(815301076,1909f56bfc062723c751e8b465ee728b)
Start importing Assets/stage.obj/New Terrain.asset using Guid(569bf781a6f804b42814f1883d2aed90) Importer(815301076,1909f56bfc062723c751e8b465ee728b)  -> (artifact id: '1f5f1160e12a2767cfd0fa7c04f5578b') in 0.022263 seconds 
  Import took 0.025834 seconds .

========================================================================
Received Import Request.
  Time since last request: 12.269305 seconds.
  path: Assets/stage.obj/Fence 4 Pack FREE/SkyBox Fence 4 Pack.mat
  artifactKey: Guid(dcc1e70fe4221114dbd038849252cdd7) Importer(815301076,1909f56bfc062723c751e8b465ee728b)
Start importing Assets/stage.obj/Fence 4 Pack FREE/SkyBox Fence 4 Pack.mat using Guid(dcc1e70fe4221114dbd038849252cdd7) Importer(815301076,1909f56bfc062723c751e8b465ee728b)  -> (artifact id: 'b01e324a5395b9b9495ac5f3b5859323') in 0.124692 seconds 
  Import took 0.128310 seconds .

========================================================================
Received Import Request.
  Time since last request: 9.524182 seconds.
  path: Assets/stage.obj/Fence 4 Pack FREE
  artifactKey: Guid(10c5b73059bb44f478fcb2cd6689a7d7) Importer(815301076,1909f56bfc062723c751e8b465ee728b)
Start importing Assets/stage.obj/Fence 4 Pack FREE using Guid(10c5b73059bb44f478fcb2cd6689a7d7) Importer(815301076,1909f56bfc062723c751e8b465ee728b)  -> (artifact id: '377e1296f506723dab5e0edc407378dd') in 0.011913 seconds 
  Import took 0.015416 seconds .

========================================================================
Received Import Request.
  Time since last request: 15.622993 seconds.
  path: Assets/stage.obj/wallfence
  artifactKey: Guid(10c5b73059bb44f478fcb2cd6689a7d7) Importer(815301076,1909f56bfc062723c751e8b465ee728b)
Start importing Assets/stage.obj/wallfence using Guid(10c5b73059bb44f478fcb2cd6689a7d7) Importer(815301076,1909f56bfc062723c751e8b465ee728b)  -> (artifact id: '61ff364627b325778a18483613c430b1') in 0.015018 seconds 
  Import took 0.019724 seconds .

========================================================================
Received Import Request.
  Time since last request: 10.826182 seconds.
  path: Assets/stage.obj/wall fence
  artifactKey: Guid(10c5b73059bb44f478fcb2cd6689a7d7) Importer(815301076,1909f56bfc062723c751e8b465ee728b)
Start importing Assets/stage.obj/wall fence using Guid(10c5b73059bb44f478fcb2cd6689a7d7) Importer(815301076,1909f56bfc062723c751e8b465ee728b)  -> (artifact id: '8a9aba850df5c843d2fa464e09cfa6d4') in 0.016893 seconds 
  Import took 0.021371 seconds .

========================================================================
Received Import Request.
  Time since last request: 7.370969 seconds.
  path: Assets/stage.obj/wall fence/Demo_Fence2Pack
  artifactKey: Guid(f51959e8931816a44827a5e182fbef94) Importer(815301076,1909f56bfc062723c751e8b465ee728b)
Start importing Assets/stage.obj/wall fence/Demo_Fence2Pack using Guid(f51959e8931816a44827a5e182fbef94) Importer(815301076,1909f56bfc062723c751e8b465ee728b)  -> (artifact id: 'c82bf8e912e652d0ba2d6f1b82f1f8df') in 0.016749 seconds 
  Import took 0.020600 seconds .

========================================================================
Received Import Request.
  Time since last request: 0.113405 seconds.
  path: Assets/stage.obj/wall fence/Demo_Fence2Pack/LightingData.asset
  artifactKey: Guid(9a15e271630388f4995fbba7ab2e84fa) Importer(815301076,1909f56bfc062723c751e8b465ee728b)
Start importing Assets/stage.obj/wall fence/Demo_Fence2Pack/LightingData.asset using Guid(9a15e271630388f4995fbba7ab2e84fa) Importer(815301076,1909f56bfc062723c751e8b465ee728b)  -> (artifact id: '6e6f1233c9b9e320d631dc6498a4750a') in 0.009697 seconds 
  Import took 0.013937 seconds .

========================================================================
Received Import Request.
  Time since last request: 0.000191 seconds.
  path: Assets/stage.obj/wall fence/Demo_Fence2Pack/ReflectionProbe-0.exr
  artifactKey: Guid(fabde6e4b4d223946ae372d89f386ed0) Importer(815301076,1909f56bfc062723c751e8b465ee728b)
Start importing Assets/stage.obj/wall fence/Demo_Fence2Pack/ReflectionProbe-0.exr using Guid(fabde6e4b4d223946ae372d89f386ed0) Importer(815301076,1909f56bfc062723c751e8b465ee728b)  -> (artifact id: '9a7996eedb3164518f09bb6b1a3f24b9') in 0.052573 seconds 
  Import took 0.056995 seconds .

========================================================================
Received Import Request.
  Time since last request: 3.516488 seconds.
  path: Assets/stage.obj/Tree_Textures
  artifactKey: Guid(471716e168eb1e24294733c34a80245a) Importer(815301076,1909f56bfc062723c751e8b465ee728b)
Start importing Assets/stage.obj/Tree_Textures using Guid(471716e168eb1e24294733c34a80245a) Importer(815301076,1909f56bfc062723c751e8b465ee728b)  -> (artifact id: 'f5f57cc301d0b82fae2a4b129553c179') in 0.013089 seconds 
  Import took 0.017507 seconds .

========================================================================
Received Import Request.
  Time since last request: 0.044043 seconds.
  path: Assets/stage.obj/Tree_Textures/diffuse.png
  artifactKey: Guid(779d924dfce15ab4187472b87a0ad502) Importer(815301076,1909f56bfc062723c751e8b465ee728b)
Start importing Assets/stage.obj/Tree_Textures/diffuse.png using Guid(779d924dfce15ab4187472b87a0ad502) Importer(815301076,1909f56bfc062723c751e8b465ee728b)  -> (artifact id: '0296d2a3143fbade434591f4cc38f29f') in 0.014021 seconds 
  Import took 0.018413 seconds .

========================================================================
Received Import Request.
  Time since last request: 0.000227 seconds.
  path: Assets/stage.obj/Tree_Textures/shadow.png
  artifactKey: Guid(9d524f442df7dbb4c83e07e723de53b4) Importer(815301076,1909f56bfc062723c751e8b465ee728b)
Start importing Assets/stage.obj/Tree_Textures/shadow.png using Guid(9d524f442df7dbb4c83e07e723de53b4) Importer(815301076,1909f56bfc062723c751e8b465ee728b)  -> (artifact id: '390ccee2e25037bdb15c1bad5ba8e455') in 0.028506 seconds 
  Import took 0.032208 seconds .

========================================================================
Received Import Request.
  Time since last request: 0.000226 seconds.
  path: Assets/stage.obj/Tree_Textures/translucency_gloss.png
  artifactKey: Guid(ebd1fa8374888ba44a095560fb47452c) Importer(815301076,1909f56bfc062723c751e8b465ee728b)
Start importing Assets/stage.obj/Tree_Textures/translucency_gloss.png using Guid(ebd1fa8374888ba44a095560fb47452c) Importer(815301076,1909f56bfc062723c751e8b465ee728b)  -> (artifact id: '01d87fadaff3bef6392ee23aa6d9bd7d') in 0.032581 seconds 
  Import took 0.036800 seconds .

========================================================================
Received Import Request.
  Time since last request: 0.000310 seconds.
  path: Assets/stage.obj/Tree_Textures/normal_specular.png
  artifactKey: Guid(93ddd228e4189ef4c9c980c2d5196762) Importer(815301076,1909f56bfc062723c751e8b465ee728b)
Start importing Assets/stage.obj/Tree_Textures/normal_specular.png using Guid(93ddd228e4189ef4c9c980c2d5196762) Importer(815301076,1909f56bfc062723c751e8b465ee728b)  -> (artifact id: 'a92624b6c7dd7909945145e6479f6bac') in 0.030252 seconds 
  Import took 0.034716 seconds .

========================================================================
Received Import Request.
  Time since last request: 14.837251 seconds.
  path: Assets/stage.obj/wall fence/Prefabs
  artifactKey: Guid(2bfb0b62074a98640bf0e1b32a676596) Importer(815301076,1909f56bfc062723c751e8b465ee728b)
Start importing Assets/stage.obj/wall fence/Prefabs using Guid(2bfb0b62074a98640bf0e1b32a676596) Importer(815301076,1909f56bfc062723c751e8b465ee728b)  -> (artifact id: 'd49ab146bf57aeefc78d771ce52a34ce') in 0.019018 seconds 
  Import took 0.023190 seconds .

========================================================================
Received Import Request.
  Time since last request: 1.162867 seconds.
  path: Assets/stage.obj/wall fence/Prefabs/Fence.asset
  artifactKey: Guid(6ee4d4450faa2ae4190de7a3739d0931) Importer(815301076,1909f56bfc062723c751e8b465ee728b)
Start importing Assets/stage.obj/wall fence/Prefabs/Fence.asset using Guid(6ee4d4450faa2ae4190de7a3739d0931) Importer(815301076,1909f56bfc062723c751e8b465ee728b)  -> (artifact id: '1a833425674abc5ef6df7cb540c24b89') in 0.020956 seconds 
  Import took 0.026001 seconds .

========================================================================
Received Import Request.
  Time since last request: 0.000221 seconds.
  path: Assets/stage.obj/wall fence/Prefabs/Fence.prefab
  artifactKey: Guid(57a89c287e45b274f8984eabb431db4e) Importer(815301076,1909f56bfc062723c751e8b465ee728b)
Start importing Assets/stage.obj/wall fence/Prefabs/Fence.prefab using Guid(57a89c287e45b274f8984eabb431db4e) Importer(815301076,1909f56bfc062723c751e8b465ee728b)  -> (artifact id: 'ecfc9ec8c9bab14b17e976d62461ffc5') in 0.029200 seconds 
  Import took 0.032254 seconds .

========================================================================
Received Import Request.
  Time since last request: 0.000210 seconds.
  path: Assets/stage.obj/wall fence/Prefabs/Fence3.asset
  artifactKey: Guid(48dcde9a8eb721740b199fc432df8c21) Importer(815301076,1909f56bfc062723c751e8b465ee728b)
Start importing Assets/stage.obj/wall fence/Prefabs/Fence3.asset using Guid(48dcde9a8eb721740b199fc432df8c21) Importer(815301076,1909f56bfc062723c751e8b465ee728b)  -> (artifact id: '29de1f2a0733883545bab7eede03a973') in 0.032592 seconds 
  Import took 0.035886 seconds .

========================================================================
Received Import Request.
  Time since last request: 0.000063 seconds.
  path: Assets/stage.obj/wall fence/Prefabs/Fence4.asset
  artifactKey: Guid(8301b7511fda787459101cce3236d0f7) Importer(815301076,1909f56bfc062723c751e8b465ee728b)
Start importing Assets/stage.obj/wall fence/Prefabs/Fence4.asset using Guid(8301b7511fda787459101cce3236d0f7) Importer(815301076,1909f56bfc062723c751e8b465ee728b)  -> (artifact id: 'ac456c137496ae208999f095fef6fcbe') in 0.029346 seconds 
  Import took 0.033237 seconds .

========================================================================
Received Import Request.
  Time since last request: 0.000195 seconds.
  path: Assets/stage.obj/wall fence/Prefabs/set_2.prefab
  artifactKey: Guid(517b6a57e1c1eda47a9a66ffd6408ded) Importer(815301076,1909f56bfc062723c751e8b465ee728b)
Start importing Assets/stage.obj/wall fence/Prefabs/set_2.prefab using Guid(517b6a57e1c1eda47a9a66ffd6408ded) Importer(815301076,1909f56bfc062723c751e8b465ee728b)  -> (artifact id: '8bc793acbb8dcf88678c88c2b3b2fbf1') in 0.035717 seconds 
  Import took 0.038699 seconds .

========================================================================
Received Import Request.
  Time since last request: 0.000251 seconds.
  path: Assets/stage.obj/wall fence/Prefabs/Fence2.asset
  artifactKey: Guid(984f67104a161a9499b6d855b92aaabe) Importer(815301076,1909f56bfc062723c751e8b465ee728b)
Start importing Assets/stage.obj/wall fence/Prefabs/Fence2.asset using Guid(984f67104a161a9499b6d855b92aaabe) Importer(815301076,1909f56bfc062723c751e8b465ee728b)  -> (artifact id: 'e238737d246ab74711da08a1ef5d1396') in 0.040274 seconds 
  Import took 0.043276 seconds .

========================================================================
Received Import Request.
  Time since last request: 0.000200 seconds.
  path: Assets/stage.obj/wall fence/Prefabs/Fence2.prefab
  artifactKey: Guid(0ebe764720905b64699683f8d027afce) Importer(815301076,1909f56bfc062723c751e8b465ee728b)
Start importing Assets/stage.obj/wall fence/Prefabs/Fence2.prefab using Guid(0ebe764720905b64699683f8d027afce) Importer(815301076,1909f56bfc062723c751e8b465ee728b)  -> (artifact id: 'b28046991406d14abcd08b877d2a571f') in 0.031961 seconds 
  Import took 0.034958 seconds .

========================================================================
Received Import Request.
  Time since last request: 0.000137 seconds.
  path: Assets/stage.obj/wall fence/Prefabs/Fence4.prefab
  artifactKey: Guid(36892b4435bb94540a66a55337f24f25) Importer(815301076,1909f56bfc062723c751e8b465ee728b)
Start importing Assets/stage.obj/wall fence/Prefabs/Fence4.prefab using Guid(36892b4435bb94540a66a55337f24f25) Importer(815301076,1909f56bfc062723c751e8b465ee728b)  -> (artifact id: '690f545691d1b4a539999dd56c9d95e3') in 0.027411 seconds 
  Import took 0.030996 seconds .

========================================================================
Received Import Request.
  Time since last request: 0.000254 seconds.
  path: Assets/stage.obj/wall fence/Prefabs/Fence3.prefab
  artifactKey: Guid(9280f9160a5bf9b439d31478ea57dfd0) Importer(815301076,1909f56bfc062723c751e8b465ee728b)
Start importing Assets/stage.obj/wall fence/Prefabs/Fence3.prefab using Guid(9280f9160a5bf9b439d31478ea57dfd0) Importer(815301076,1909f56bfc062723c751e8b465ee728b)  -> (artifact id: 'a6f8ec60c47b886381da5ddca8c6ae68') in 0.031634 seconds 
  Import took 0.035252 seconds .

========================================================================
Received Import Request.
  Time since last request: 0.000221 seconds.
  path: Assets/stage.obj/wall fence/Prefabs/set_2.asset
  artifactKey: Guid(7883d58dd08a0cc47bedc9dc5880604b) Importer(815301076,1909f56bfc062723c751e8b465ee728b)
Start importing Assets/stage.obj/wall fence/Prefabs/set_2.asset using Guid(7883d58dd08a0cc47bedc9dc5880604b) Importer(815301076,1909f56bfc062723c751e8b465ee728b)  -> (artifact id: '333098cf5e97ae6fce2277e3949495be') in 0.034176 seconds 
  Import took 0.038158 seconds .

========================================================================
Received Import Request.
  Time since last request: 586.167903 seconds.
  path: ProjectSettings/TagManager.asset
  artifactKey: Guid(00000000000000003000000000000000) Importer(815301076,1909f56bfc062723c751e8b465ee728b)
Start importing ProjectSettings/TagManager.asset using Guid(00000000000000003000000000000000) Importer(815301076,1909f56bfc062723c751e8b465ee728b)  -> (artifact id: 'ce6a35c3cddc746e7501c0bd0ed6d4ce') in 0.020998 seconds 
  Import took 0.025078 seconds .

========================================================================
Received Import Request.
  Time since last request: 136.025323 seconds.
  path: ProjectSettings/TagManager.asset
  artifactKey: Guid(00000000000000003000000000000000) Importer(815301076,1909f56bfc062723c751e8b465ee728b)
Start importing ProjectSettings/TagManager.asset using Guid(00000000000000003000000000000000) Importer(815301076,1909f56bfc062723c751e8b465ee728b)  -> (artifact id: 'a71be84f5f2db035b4bed4982d8b199c') in 0.017279 seconds 
  Import took 0.021218 seconds .

========================================================================
Received Import Request.
  Time since last request: 68.724029 seconds.
  path: Assets/stage.obj/wall fence/Prefabs/Fence.prefab
  artifactKey: Guid(57a89c287e45b274f8984eabb431db4e) Importer(815301076,1909f56bfc062723c751e8b465ee728b)
Start importing Assets/stage.obj/wall fence/Prefabs/Fence.prefab using Guid(57a89c287e45b274f8984eabb431db4e) Importer(815301076,1909f56bfc062723c751e8b465ee728b)  -> (artifact id: 'c9b56b2e66e445227b12e407ea95340c') in 0.036272 seconds 
  Import took 0.045923 seconds .

========================================================================
Received Import Request.
  Time since last request: 12.017301 seconds.
  path: Assets/stage.obj/wall fence/Prefabs/Fence.slider.prefab
  artifactKey: Guid(57a89c287e45b274f8984eabb431db4e) Importer(815301076,1909f56bfc062723c751e8b465ee728b)
Start importing Assets/stage.obj/wall fence/Prefabs/Fence.slider.prefab using Guid(57a89c287e45b274f8984eabb431db4e) Importer(815301076,1909f56bfc062723c751e8b465ee728b)  -> (artifact id: '765a6345b1cb776949d3546fa944ce26') in 0.052298 seconds 
  Import took 0.056988 seconds .

========================================================================
Received Prepare
Registering precompiled user dll's ...
Registered in 0.004536 seconds.
Begin MonoManager ReloadAssembly
Native extension for WindowsStandalone target not found
Refreshing native plugins compatible for Editor in 0.51 ms, found 2 plugins.
Preloading 0 native plugins for Editor in 0.00 ms.
Mono: successfully reloaded assembly
- Completed reload, in  1.377 seconds
Domain Reload Profiling:
	ReloadAssembly (1377ms)
		BeginReloadAssembly (152ms)
			ExecutionOrderSort (0ms)
			DisableScriptedObjects (6ms)
			BackupInstance (0ms)
			ReleaseScriptingObjects (0ms)
			CreateAndSetChildDomain (48ms)
		EndReloadAssembly (1138ms)
			LoadAssemblies (119ms)
			RebuildTransferFunctionScriptingTraits (0ms)
			SetupTypeCache (404ms)
			ReleaseScriptCaches (1ms)
			RebuildScriptCaches (49ms)
			SetupLoadedEditorAssemblies (424ms)
				LogAssemblyErrors (0ms)
				InitializePlatformSupportModulesInManaged (6ms)
				SetLoadedEditorAssemblies (0ms)
				RefreshPlugins (1ms)
				BeforeProcessingInitializeOnLoad (120ms)
				ProcessInitializeOnLoadAttributes (283ms)
				ProcessInitializeOnLoadMethodAttributes (5ms)
				AfterProcessingInitializeOnLoad (8ms)
				EditorAssembliesLoaded (0ms)
			ExecutionOrderSort2 (0ms)
			AwakeInstancesAfterBackupRestoration (10ms)
Platform modules already initialized, skipping
Refreshing native plugins compatible for Editor in 0.74 ms, found 2 plugins.
Preloading 0 native plugins for Editor in 0.00 ms.
Unloading 1855 Unused Serialized files (Serialized files now loaded: 0)
System memory in use before: 100.3 MB.
System memory in use after: 98.4 MB.

Unloading 49 unused Assets to reduce memory usage. Loaded Objects now: 2338.
Total: 5.410800 ms (FindLiveObjects: 0.179200 ms CreateObjectMapping: 0.080100 ms MarkObjects: 3.438600 ms  DeleteObjects: 1.711500 ms)

AssetImportParameters requested are different than current active one (requested -> active):
  custom:framework-win-MediaFoundation: 216162199b28c13a410421893ffa2e32 -> 
  custom:video-decoder-ogg-theora: a1e56fd34408186e4bbccfd4996cb3dc -> 
  custom:container-muxer-webm: aa71ff27fc2769a1b78a27578f13a17b -> 
  custom:container-demuxer-webm: 4f35f7cbe854078d1ac9338744f61a02 -> 
  custom:container-demuxer-ogg: 62fdf1f143b41e24485cea50d1cbac27 -> 
  custom:video-encoder-webm-vp8: eb34c28f22e8b96e1ab97ce403110664 -> 
  custom:video-decoder-webm-vp8: 9c59270c3fd7afecdb556c50c9e8de78 -> 
  custom:audio-decoder-ogg-vorbis: bf7c407c2cedff20999df2af8eb42d56 -> 
  custom:audio-encoder-webm-vorbis: bf7c407c2cedff20999df2af8eb42d56 -> 
========================================================================
Received Prepare
Registering precompiled user dll's ...
Registered in 0.003886 seconds.
Begin MonoManager ReloadAssembly
Native extension for WindowsStandalone target not found
Refreshing native plugins compatible for Editor in 0.58 ms, found 2 plugins.
Preloading 0 native plugins for Editor in 0.00 ms.
Mono: successfully reloaded assembly
- Completed reload, in  1.337 seconds
Domain Reload Profiling:
	ReloadAssembly (1338ms)
		BeginReloadAssembly (186ms)
			ExecutionOrderSort (0ms)
			DisableScriptedObjects (7ms)
			BackupInstance (0ms)
			ReleaseScriptingObjects (0ms)
			CreateAndSetChildDomain (44ms)
		EndReloadAssembly (1053ms)
			LoadAssemblies (157ms)
			RebuildTransferFunctionScriptingTraits (0ms)
			SetupTypeCache (341ms)
			ReleaseScriptCaches (1ms)
			RebuildScriptCaches (39ms)
			SetupLoadedEditorAssemblies (456ms)
				LogAssemblyErrors (0ms)
				InitializePlatformSupportModulesInManaged (5ms)
				SetLoadedEditorAssemblies (0ms)
				RefreshPlugins (1ms)
				BeforeProcessingInitializeOnLoad (229ms)
				ProcessInitializeOnLoadAttributes (209ms)
				ProcessInitializeOnLoadMethodAttributes (4ms)
				AfterProcessingInitializeOnLoad (7ms)
				EditorAssembliesLoaded (0ms)
			ExecutionOrderSort2 (0ms)
			AwakeInstancesAfterBackupRestoration (7ms)
Platform modules already initialized, skipping
Refreshing native plugins compatible for Editor in 0.78 ms, found 2 plugins.
Preloading 0 native plugins for Editor in 0.00 ms.
Unloading 1857 Unused Serialized files (Serialized files now loaded: 0)
System memory in use before: 100.4 MB.
System memory in use after: 98.4 MB.

Unloading 47 unused Assets to reduce memory usage. Loaded Objects now: 2342.
Total: 4.678200 ms (FindLiveObjects: 0.198000 ms CreateObjectMapping: 0.077700 ms MarkObjects: 2.999000 ms  DeleteObjects: 1.401700 ms)

AssetImportParameters requested are different than current active one (requested -> active):
  custom:framework-win-MediaFoundation: 216162199b28c13a410421893ffa2e32 -> 
  custom:video-decoder-ogg-theora: a1e56fd34408186e4bbccfd4996cb3dc -> 
  custom:container-muxer-webm: aa71ff27fc2769a1b78a27578f13a17b -> 
  custom:container-demuxer-webm: 4f35f7cbe854078d1ac9338744f61a02 -> 
  custom:container-demuxer-ogg: 62fdf1f143b41e24485cea50d1cbac27 -> 
  custom:video-encoder-webm-vp8: eb34c28f22e8b96e1ab97ce403110664 -> 
  custom:video-decoder-webm-vp8: 9c59270c3fd7afecdb556c50c9e8de78 -> 
  custom:audio-decoder-ogg-vorbis: bf7c407c2cedff20999df2af8eb42d56 -> 
  custom:audio-encoder-webm-vorbis: bf7c407c2cedff20999df2af8eb42d56 -> 
========================================================================
Received Import Request.
  Time since last request: 1314.976054 seconds.
  path: Assets/stage.obj/Tree_Textures/diffuse.png
  artifactKey: Guid(779d924dfce15ab4187472b87a0ad502) Importer(815301076,1909f56bfc062723c751e8b465ee728b)
Start importing Assets/stage.obj/Tree_Textures/diffuse.png using Guid(779d924dfce15ab4187472b87a0ad502) Importer(815301076,1909f56bfc062723c751e8b465ee728b)  -> (artifact id: 'ca82e2209772111e35e99551ce33e501') in 0.043199 seconds 
  Import took 0.049315 seconds .

========================================================================
Received Import Request.
  Time since last request: 0.000230 seconds.
  path: Assets/stage.obj/Tree_Textures/shadow.png
  artifactKey: Guid(9d524f442df7dbb4c83e07e723de53b4) Importer(815301076,1909f56bfc062723c751e8b465ee728b)
Start importing Assets/stage.obj/Tree_Textures/shadow.png using Guid(9d524f442df7dbb4c83e07e723de53b4) Importer(815301076,1909f56bfc062723c751e8b465ee728b)  -> (artifact id: '51fdca71bdb7d2e403ce4c23294ca2df') in 0.034857 seconds 
  Import took 0.039665 seconds .

========================================================================
Received Import Request.
  Time since last request: 0.000226 seconds.
  path: Assets/stage.obj/Tree_Textures/translucency_gloss.png
  artifactKey: Guid(ebd1fa8374888ba44a095560fb47452c) Importer(815301076,1909f56bfc062723c751e8b465ee728b)
Start importing Assets/stage.obj/Tree_Textures/translucency_gloss.png using Guid(ebd1fa8374888ba44a095560fb47452c) Importer(815301076,1909f56bfc062723c751e8b465ee728b)  -> (artifact id: '6c154519430cce2a2dc7b04dc4c8dca1') in 0.042318 seconds 
  Import took 0.047394 seconds .

========================================================================
Received Import Request.
  Time since last request: 0.000239 seconds.
  path: Assets/stage.obj/Tree_Textures/normal_specular.png
  artifactKey: Guid(93ddd228e4189ef4c9c980c2d5196762) Importer(815301076,1909f56bfc062723c751e8b465ee728b)
Start importing Assets/stage.obj/Tree_Textures/normal_specular.png using Guid(93ddd228e4189ef4c9c980c2d5196762) Importer(815301076,1909f56bfc062723c751e8b465ee728b)  -> (artifact id: '75c60b4c24223d44cb0344437f304b05') in 0.037255 seconds 
  Import took 0.041640 seconds .

========================================================================
Received Import Request.
  Time since last request: 1.186696 seconds.
  path: Assets/stage.obj/New Terrain.asset
  artifactKey: Guid(569bf781a6f804b42814f1883d2aed90) Importer(815301076,1909f56bfc062723c751e8b465ee728b)
Start importing Assets/stage.obj/New Terrain.asset using Guid(569bf781a6f804b42814f1883d2aed90) Importer(815301076,1909f56bfc062723c751e8b465ee728b)  -> (artifact id: '2cec40a186fa49abcdf544bbc7dbeb23') in 0.023869 seconds 
  Import took 0.028382 seconds .

========================================================================
Received Import Request.
  Time since last request: 0.748611 seconds.
  path: Assets/New Terrain.asset
  artifactKey: Guid(e361af5a3e41d754f83415b5a3fb5839) Importer(815301076,1909f56bfc062723c751e8b465ee728b)
Start importing Assets/New Terrain.asset using Guid(e361af5a3e41d754f83415b5a3fb5839) Importer(815301076,1909f56bfc062723c751e8b465ee728b)  -> (artifact id: '7fe6fa80667181d5b8d3e6212ae89db1') in 0.008198 seconds 
  Import took 0.012146 seconds .

========================================================================
Received Import Request.
  Time since last request: 3.513475 seconds.
  path: Assets/BrokenVector
  artifactKey: Guid(fe790982ed130b34cbcf6f536a4903d1) Importer(815301076,1909f56bfc062723c751e8b465ee728b)
Start importing Assets/BrokenVector using Guid(fe790982ed130b34cbcf6f536a4903d1) Importer(815301076,1909f56bfc062723c751e8b465ee728b)  -> (artifact id: '7d16fedf72ee33558c773772f7daecfc') in 0.018440 seconds 
  Import took 0.022905 seconds .

========================================================================
Received Import Request.
  Time since last request: 1.895256 seconds.
  path: Assets/BrokenVector/LowPolyFencePack
  artifactKey: Guid(4676b307259bbc947b4975643cad8fe3) Importer(815301076,1909f56bfc062723c751e8b465ee728b)
Start importing Assets/BrokenVector/LowPolyFencePack using Guid(4676b307259bbc947b4975643cad8fe3) Importer(815301076,1909f56bfc062723c751e8b465ee728b)  -> (artifact id: '558a7bdd97caec8333313cd6e864e8e7') in 0.017554 seconds 
  Import took 0.024039 seconds .

========================================================================
Received Import Request.
  Time since last request: 2.073504 seconds.
  path: Assets/BrokenVector/LowPolyFencePack/Models
  artifactKey: Guid(29d623a3fc8d4e04a8e1158958eb6f3e) Importer(815301076,1909f56bfc062723c751e8b465ee728b)
Start importing Assets/BrokenVector/LowPolyFencePack/Models using Guid(29d623a3fc8d4e04a8e1158958eb6f3e) Importer(815301076,1909f56bfc062723c751e8b465ee728b)  -> (artifact id: '25ba1f0d6dbdbd580fd6a6e816ce47a9') in 0.017896 seconds 
  Import took 0.022385 seconds .

========================================================================
Received Import Request.
  Time since last request: 0.041606 seconds.
  path: Assets/BrokenVector/LowPolyFencePack/Models/Fence Type1 01.dae
  artifactKey: Guid(607fa0a0a8b6097479348b4480edc606) Importer(815301076,1909f56bfc062723c751e8b465ee728b)
Start importing Assets/BrokenVector/LowPolyFencePack/Models/Fence Type1 01.dae using Guid(607fa0a0a8b6097479348b4480edc606) Importer(815301076,1909f56bfc062723c751e8b465ee728b)  -> (artifact id: '90b31b271126d660d4f1dac91a106858') in 0.064335 seconds 
  Import took 0.070078 seconds .

========================================================================
Received Import Request.
  Time since last request: 0.000175 seconds.
  path: Assets/BrokenVector/LowPolyFencePack/Models/Fence Type2 01.dae
  artifactKey: Guid(836c223527ea5104ea614a4dc350d6f8) Importer(815301076,1909f56bfc062723c751e8b465ee728b)
Start importing Assets/BrokenVector/LowPolyFencePack/Models/Fence Type2 01.dae using Guid(836c223527ea5104ea614a4dc350d6f8) Importer(815301076,1909f56bfc062723c751e8b465ee728b)  -> (artifact id: 'eb5c64cc66200a40b0da03f6112b6b90') in 0.049152 seconds 
  Import took 0.052832 seconds .

========================================================================
Received Import Request.
  Time since last request: 0.000198 seconds.
  path: Assets/BrokenVector/LowPolyFencePack/Models/Fence Type3 Door.fbx
  artifactKey: Guid(d70931b351fe10a45a0bfc07fd362a1b) Importer(815301076,1909f56bfc062723c751e8b465ee728b)
Start importing Assets/BrokenVector/LowPolyFencePack/Models/Fence Type3 Door.fbx using Guid(d70931b351fe10a45a0bfc07fd362a1b) Importer(815301076,1909f56bfc062723c751e8b465ee728b)  -> (artifact id: 'a4679855da0f001c857dd8fd7c2b2e07') in 0.082623 seconds 
  Import took 0.086993 seconds .

========================================================================
Received Import Request.
  Time since last request: 0.000228 seconds.
  path: Assets/BrokenVector/LowPolyFencePack/Models/Fence Type3 02.dae
  artifactKey: Guid(35aff7f9767a6ee429d8bdf31328705f) Importer(815301076,1909f56bfc062723c751e8b465ee728b)
Start importing Assets/BrokenVector/LowPolyFencePack/Models/Fence Type3 02.dae using Guid(35aff7f9767a6ee429d8bdf31328705f) Importer(815301076,1909f56bfc062723c751e8b465ee728b)  -> (artifact id: 'e428842ccae560e501d4dd83acc4f33a') in 0.047689 seconds 
  Import took 0.052522 seconds .

========================================================================
Received Import Request.
  Time since last request: 0.000203 seconds.
  path: Assets/BrokenVector/LowPolyFencePack/Models/Fence Type2 Door.fbx
  artifactKey: Guid(919734941a900d24090f2925025373f2) Importer(815301076,1909f56bfc062723c751e8b465ee728b)
Start importing Assets/BrokenVector/LowPolyFencePack/Models/Fence Type2 Door.fbx using Guid(919734941a900d24090f2925025373f2) Importer(815301076,1909f56bfc062723c751e8b465ee728b)  -> (artifact id: 'eed8f4835c1e6912eb3d3e5e3ad793c7') in 0.048944 seconds 
  Import took 0.052558 seconds .

========================================================================
Received Import Request.
  Time since last request: 0.000192 seconds.
  path: Assets/BrokenVector/LowPolyFencePack/Models/Fence Type2 03.dae
  artifactKey: Guid(d48bf2190ea9990478b126e5e2540a8d) Importer(815301076,1909f56bfc062723c751e8b465ee728b)
Start importing Assets/BrokenVector/LowPolyFencePack/Models/Fence Type2 03.dae using Guid(d48bf2190ea9990478b126e5e2540a8d) Importer(815301076,1909f56bfc062723c751e8b465ee728b)  -> (artifact id: '82694d0bc0b8210cbe1768e7954ce810') in 0.043264 seconds 
  Import took 0.047516 seconds .

========================================================================
Received Import Request.
  Time since last request: 0.000229 seconds.
  path: Assets/BrokenVector/LowPolyFencePack/Models/Fence Type1 02.dae
  artifactKey: Guid(e004c3c6d0ca04944ad39f9de61d9606) Importer(815301076,1909f56bfc062723c751e8b465ee728b)
Start importing Assets/BrokenVector/LowPolyFencePack/Models/Fence Type1 02.dae using Guid(e004c3c6d0ca04944ad39f9de61d9606) Importer(815301076,1909f56bfc062723c751e8b465ee728b)  -> (artifact id: '9fb0755cfbf2d0a6c437a2c27df258f2') in 0.044596 seconds 
  Import took 0.049342 seconds .

========================================================================
Received Import Request.
  Time since last request: 0.000194 seconds.
  path: Assets/BrokenVector/LowPolyFencePack/Models/Fence Type4 Big.dae
  artifactKey: Guid(73b1ed3ef1428a24787cba8b7d5ac6b1) Importer(815301076,1909f56bfc062723c751e8b465ee728b)
Start importing Assets/BrokenVector/LowPolyFencePack/Models/Fence Type4 Big.dae using Guid(73b1ed3ef1428a24787cba8b7d5ac6b1) Importer(815301076,1909f56bfc062723c751e8b465ee728b)  -> (artifact id: 'fed61502b8b65e77207ceee73ac27f80') in 0.040383 seconds 
  Import took 0.044047 seconds .

========================================================================
Received Import Request.
  Time since last request: 0.000157 seconds.
  path: Assets/BrokenVector/LowPolyFencePack/Models/Fence Type6 Small.dae
  artifactKey: Guid(32ece367df421af48acad3f16120520c) Importer(815301076,1909f56bfc062723c751e8b465ee728b)
Start importing Assets/BrokenVector/LowPolyFencePack/Models/Fence Type6 Small.dae using Guid(32ece367df421af48acad3f16120520c) Importer(815301076,1909f56bfc062723c751e8b465ee728b)  -> (artifact id: '4a31ee7b9f62d94d3b164afc22cf1e23') in 0.046199 seconds 
  Import took 0.050163 seconds .

========================================================================
Received Import Request.
  Time since last request: 0.000209 seconds.
  path: Assets/BrokenVector/LowPolyFencePack/Models/Fence Type1 Door.fbx
  artifactKey: Guid(3bd29fe4ed3569940ac7518a56a0adfe) Importer(815301076,1909f56bfc062723c751e8b465ee728b)
Start importing Assets/BrokenVector/LowPolyFencePack/Models/Fence Type1 Door.fbx using Guid(3bd29fe4ed3569940ac7518a56a0adfe) Importer(815301076,1909f56bfc062723c751e8b465ee728b)  -> (artifact id: '473711307b22e4a18ae249865fa4d557') in 0.052956 seconds 
  Import took 0.056715 seconds .

========================================================================
Received Import Request.
  Time since last request: 0.000200 seconds.
  path: Assets/BrokenVector/LowPolyFencePack/Models/Fence Type3 01.dae
  artifactKey: Guid(7e1ddd08b1b2c354a8ad951245480569) Importer(815301076,1909f56bfc062723c751e8b465ee728b)
Start importing Assets/BrokenVector/LowPolyFencePack/Models/Fence Type3 01.dae using Guid(7e1ddd08b1b2c354a8ad951245480569) Importer(815301076,1909f56bfc062723c751e8b465ee728b)  -> (artifact id: 'cd6801adb92ab1d6d0a7884f0204d3e7') in 0.041899 seconds 
  Import took 0.046163 seconds .

========================================================================
Received Import Request.
  Time since last request: 0.000232 seconds.
  path: Assets/BrokenVector/LowPolyFencePack/Models/Fence Type2 02.dae
  artifactKey: Guid(e5af5116aa5f71b4fb5f5ffc3443447d) Importer(815301076,1909f56bfc062723c751e8b465ee728b)
Start importing Assets/BrokenVector/LowPolyFencePack/Models/Fence Type2 02.dae using Guid(e5af5116aa5f71b4fb5f5ffc3443447d) Importer(815301076,1909f56bfc062723c751e8b465ee728b)  -> (artifact id: '042edcb110c93c1ade50d0f3987347c1') in 0.047577 seconds 
  Import took 0.052175 seconds .

========================================================================
Received Import Request.
  Time since last request: 0.000215 seconds.
  path: Assets/BrokenVector/LowPolyFencePack/Models/Fence Type5 Small.dae
  artifactKey: Guid(860b4a48bd6f3cf4b958a1d928e3c111) Importer(815301076,1909f56bfc062723c751e8b465ee728b)
Start importing Assets/BrokenVector/LowPolyFencePack/Models/Fence Type5 Small.dae using Guid(860b4a48bd6f3cf4b958a1d928e3c111) Importer(815301076,1909f56bfc062723c751e8b465ee728b)  -> (artifact id: 'c4dfdb8b573d6e8be93c063f04757f11') in 0.041901 seconds 
  Import took 0.047180 seconds .

========================================================================
Received Import Request.
  Time since last request: 0.000206 seconds.
  path: Assets/BrokenVector/LowPolyFencePack/Models/Fence Type6 Big.dae
  artifactKey: Guid(528e1a5bd85e7dd4781f1fdd6a8cb01a) Importer(815301076,1909f56bfc062723c751e8b465ee728b)
Start importing Assets/BrokenVector/LowPolyFencePack/Models/Fence Type6 Big.dae using Guid(528e1a5bd85e7dd4781f1fdd6a8cb01a) Importer(815301076,1909f56bfc062723c751e8b465ee728b)  -> (artifact id: 'f28bbf7673ea1e6fcebce5050c0130a1') in 0.047849 seconds 
  Import took 0.051541 seconds .

========================================================================
Received Import Request.
  Time since last request: 0.000321 seconds.
  path: Assets/BrokenVector/LowPolyFencePack/Models/Fence Type4 Small.dae
  artifactKey: Guid(6a52aea886ff71343a7b3ac3ec6dfd92) Importer(815301076,1909f56bfc062723c751e8b465ee728b)
Start importing Assets/BrokenVector/LowPolyFencePack/Models/Fence Type4 Small.dae using Guid(6a52aea886ff71343a7b3ac3ec6dfd92) Importer(815301076,1909f56bfc062723c751e8b465ee728b)  -> (artifact id: '3d2c27832215b90c01477787d6241f3f') in 0.052297 seconds 
  Import took 0.057259 seconds .

========================================================================
Received Import Request.
  Time since last request: 0.000216 seconds.
  path: Assets/BrokenVector/LowPolyFencePack/Models/Fence Type5 Big.dae
  artifactKey: Guid(1f40fa7399dd9aa4b93f77317682f7ed) Importer(815301076,1909f56bfc062723c751e8b465ee728b)
Start importing Assets/BrokenVector/LowPolyFencePack/Models/Fence Type5 Big.dae using Guid(1f40fa7399dd9aa4b93f77317682f7ed) Importer(815301076,1909f56bfc062723c751e8b465ee728b)  -> (artifact id: '9093880dc2d2f1f0a4d0a7632fe4a4c0') in 0.047652 seconds 
  Import took 0.051241 seconds .

========================================================================
Received Prepare
Registering precompiled user dll's ...
Registered in 0.004551 seconds.
Begin MonoManager ReloadAssembly
Native extension for WindowsStandalone target not found
Refreshing native plugins compatible for Editor in 0.76 ms, found 2 plugins.
Preloading 0 native plugins for Editor in 0.00 ms.
Mono: successfully reloaded assembly
- Completed reload, in  1.283 seconds
Domain Reload Profiling:
	ReloadAssembly (1283ms)
		BeginReloadAssembly (153ms)
			ExecutionOrderSort (0ms)
			DisableScriptedObjects (4ms)
			BackupInstance (0ms)
			ReleaseScriptingObjects (0ms)
			CreateAndSetChildDomain (43ms)
		EndReloadAssembly (1039ms)
			LoadAssemblies (148ms)
			RebuildTransferFunctionScriptingTraits (0ms)
			SetupTypeCache (412ms)
			ReleaseScriptCaches (1ms)
			RebuildScriptCaches (43ms)
			SetupLoadedEditorAssemblies (339ms)
				LogAssemblyErrors (0ms)
				InitializePlatformSupportModulesInManaged (9ms)
				SetLoadedEditorAssemblies (1ms)
				RefreshPlugins (1ms)
				BeforeProcessingInitializeOnLoad (101ms)
				ProcessInitializeOnLoadAttributes (216ms)
				ProcessInitializeOnLoadMethodAttributes (5ms)
				AfterProcessingInitializeOnLoad (8ms)
				EditorAssembliesLoaded (0ms)
			ExecutionOrderSort2 (0ms)
			AwakeInstancesAfterBackupRestoration (8ms)
Platform modules already initialized, skipping
Refreshing native plugins compatible for Editor in 0.81 ms, found 2 plugins.
Preloading 0 native plugins for Editor in 0.00 ms.
Unloading 1857 Unused Serialized files (Serialized files now loaded: 0)
System memory in use before: 114.1 MB.
System memory in use after: 112.1 MB.

Unloading 48 unused Assets to reduce memory usage. Loaded Objects now: 2346.
Total: 6.498300 ms (FindLiveObjects: 0.506700 ms CreateObjectMapping: 0.235000 ms MarkObjects: 4.187500 ms  DeleteObjects: 1.567200 ms)

AssetImportParameters requested are different than current active one (requested -> active):
  custom:framework-win-MediaFoundation: 216162199b28c13a410421893ffa2e32 -> 
  custom:video-decoder-ogg-theora: a1e56fd34408186e4bbccfd4996cb3dc -> 
  custom:container-muxer-webm: aa71ff27fc2769a1b78a27578f13a17b -> 
  custom:container-demuxer-webm: 4f35f7cbe854078d1ac9338744f61a02 -> 
  custom:container-demuxer-ogg: 62fdf1f143b41e24485cea50d1cbac27 -> 
  custom:video-encoder-webm-vp8: eb34c28f22e8b96e1ab97ce403110664 -> 
  custom:video-decoder-webm-vp8: 9c59270c3fd7afecdb556c50c9e8de78 -> 
  custom:audio-decoder-ogg-vorbis: bf7c407c2cedff20999df2af8eb42d56 -> 
  custom:audio-encoder-webm-vorbis: bf7c407c2cedff20999df2af8eb42d56 -> 
========================================================================
Received Import Request.
  Time since last request: 20.955773 seconds.
  path: Assets/stage.obj/fence
  artifactKey: Guid(fe790982ed130b34cbcf6f536a4903d1) Importer(815301076,1909f56bfc062723c751e8b465ee728b)
Start importing Assets/stage.obj/fence using Guid(fe790982ed130b34cbcf6f536a4903d1) Importer(815301076,1909f56bfc062723c751e8b465ee728b)  -> (artifact id: 'd4e4d41155f2baf944ae5aebd89c4f48') in 0.049002 seconds 
  Import took 0.069941 seconds .

========================================================================
Received Prepare
Registering precompiled user dll's ...
Registered in 0.003403 seconds.
Begin MonoManager ReloadAssembly
Native extension for WindowsStandalone target not found
Refreshing native plugins compatible for Editor in 0.78 ms, found 2 plugins.
Preloading 0 native plugins for Editor in 0.00 ms.
Mono: successfully reloaded assembly
- Completed reload, in  1.341 seconds
Domain Reload Profiling:
	ReloadAssembly (1345ms)
		BeginReloadAssembly (186ms)
			ExecutionOrderSort (0ms)
			DisableScriptedObjects (7ms)
			BackupInstance (0ms)
			ReleaseScriptingObjects (0ms)
			CreateAndSetChildDomain (59ms)
		EndReloadAssembly (1060ms)
			LoadAssemblies (148ms)
			RebuildTransferFunctionScriptingTraits (0ms)
			SetupTypeCache (415ms)
			ReleaseScriptCaches (1ms)
			RebuildScriptCaches (64ms)
			SetupLoadedEditorAssemblies (335ms)
				LogAssemblyErrors (0ms)
				InitializePlatformSupportModulesInManaged (7ms)
				SetLoadedEditorAssemblies (1ms)
				RefreshPlugins (1ms)
				BeforeProcessingInitializeOnLoad (100ms)
				ProcessInitializeOnLoadAttributes (216ms)
				ProcessInitializeOnLoadMethodAttributes (4ms)
				AfterProcessingInitializeOnLoad (7ms)
				EditorAssembliesLoaded (0ms)
			ExecutionOrderSort2 (0ms)
			AwakeInstancesAfterBackupRestoration (7ms)
Platform modules already initialized, skipping
Refreshing native plugins compatible for Editor in 0.54 ms, found 2 plugins.
Preloading 0 native plugins for Editor in 0.00 ms.
Unloading 1857 Unused Serialized files (Serialized files now loaded: 0)
System memory in use before: 114.1 MB.
System memory in use after: 112.1 MB.

Unloading 47 unused Assets to reduce memory usage. Loaded Objects now: 2348.
Total: 5.329100 ms (FindLiveObjects: 0.202000 ms CreateObjectMapping: 0.068200 ms MarkObjects: 3.425300 ms  DeleteObjects: 1.632600 ms)

AssetImportParameters requested are different than current active one (requested -> active):
  custom:framework-win-MediaFoundation: 216162199b28c13a410421893ffa2e32 -> 
  custom:video-decoder-ogg-theora: a1e56fd34408186e4bbccfd4996cb3dc -> 
  custom:container-muxer-webm: aa71ff27fc2769a1b78a27578f13a17b -> 
  custom:container-demuxer-webm: 4f35f7cbe854078d1ac9338744f61a02 -> 
  custom:container-demuxer-ogg: 62fdf1f143b41e24485cea50d1cbac27 -> 
  custom:video-encoder-webm-vp8: eb34c28f22e8b96e1ab97ce403110664 -> 
  custom:video-decoder-webm-vp8: 9c59270c3fd7afecdb556c50c9e8de78 -> 
  custom:audio-decoder-ogg-vorbis: bf7c407c2cedff20999df2af8eb42d56 -> 
  custom:audio-encoder-webm-vorbis: bf7c407c2cedff20999df2af8eb42d56 -> 
========================================================================
Received Import Request.
  Time since last request: 11.093625 seconds.
  path: Assets/stage.obj/fence/LowPolyFencePack/Materials
  artifactKey: Guid(12376baf0562e694b9d8a1be4b41840e) Importer(815301076,1909f56bfc062723c751e8b465ee728b)
Start importing Assets/stage.obj/fence/LowPolyFencePack/Materials using Guid(12376baf0562e694b9d8a1be4b41840e) Importer(815301076,1909f56bfc062723c751e8b465ee728b)  -> (artifact id: '5859271b0d4bdaf6839055a9b71a4536') in 0.020402 seconds 
  Import took 0.024068 seconds .

========================================================================
Received Import Request.
  Time since last request: 248.333897 seconds.
  path: Assets/stage.obj/fence/LowPolyFencePack/Materials/Brown Wood.mat
  artifactKey: Guid(1fc121be3f680634fbb8cab1fa2d47c8) Importer(815301076,1909f56bfc062723c751e8b465ee728b)
Start importing Assets/stage.obj/fence/LowPolyFencePack/Materials/Brown Wood.mat using Guid(1fc121be3f680634fbb8cab1fa2d47c8) Importer(815301076,1909f56bfc062723c751e8b465ee728b)  -> (artifact id: 'd9c0e9685432d2d68f264234ea081ff4') in 0.229149 seconds 
  Import took 0.233957 seconds .

========================================================================
Received Import Request.
  Time since last request: 0.000263 seconds.
  path: Assets/stage.obj/fence/LowPolyFencePack/Materials/Red Wood.mat
  artifactKey: Guid(6c7da534adf849442ab00c554ac221d1) Importer(815301076,1909f56bfc062723c751e8b465ee728b)
Start importing Assets/stage.obj/fence/LowPolyFencePack/Materials/Red Wood.mat using Guid(6c7da534adf849442ab00c554ac221d1) Importer(815301076,1909f56bfc062723c751e8b465ee728b)  -> (artifact id: '6491d12738b973d4e1640000371f27e7') in 0.040658 seconds 
  Import took 0.044915 seconds .

========================================================================
Received Import Request.
  Time since last request: 0.000217 seconds.
  path: Assets/stage.obj/fence/LowPolyFencePack/Materials/Yellow Wood.mat
  artifactKey: Guid(ec2b0ecd91bd412439a8bab0d5f8a62d) Importer(815301076,1909f56bfc062723c751e8b465ee728b)
Start importing Assets/stage.obj/fence/LowPolyFencePack/Materials/Yellow Wood.mat using Guid(ec2b0ecd91bd412439a8bab0d5f8a62d) Importer(815301076,1909f56bfc062723c751e8b465ee728b)  -> (artifact id: 'ef4c8d4d443f453df22e9c6b2e2f6a5c') in 0.049369 seconds 
  Import took 0.055971 seconds .

========================================================================
Received Import Request.
  Time since last request: 13.557099 seconds.
  path: Assets/stage.obj/fence/LowPolyFencePack/Materials/Colorsheets
  artifactKey: Guid(0baf6734625f91946a003fdb562e561a) Importer(815301076,1909f56bfc062723c751e8b465ee728b)
Start importing Assets/stage.obj/fence/LowPolyFencePack/Materials/Colorsheets using Guid(0baf6734625f91946a003fdb562e561a) Importer(815301076,1909f56bfc062723c751e8b465ee728b)  -> (artifact id: '36c2e9fe20e57c6eb76bfb83971787d8') in 0.019472 seconds 
  Import took 0.024056 seconds .

========================================================================
Received Import Request.
  Time since last request: 0.411293 seconds.
  path: Assets/stage.obj/fence/LowPolyFencePack/Materials/Colorsheets/Colorsheet Wood Brown.png
  artifactKey: Guid(d63761f76a7a53b43b47dd37908310e3) Importer(815301076,1909f56bfc062723c751e8b465ee728b)
Start importing Assets/stage.obj/fence/LowPolyFencePack/Materials/Colorsheets/Colorsheet Wood Brown.png using Guid(d63761f76a7a53b43b47dd37908310e3) Importer(815301076,1909f56bfc062723c751e8b465ee728b)  -> (artifact id: '8e2f66078bc3ee2e01b197cf179b6d0b') in 0.019916 seconds 
  Import took 0.024265 seconds .

========================================================================
Received Import Request.
  Time since last request: 0.000227 seconds.
  path: Assets/stage.obj/fence/LowPolyFencePack/Materials/Colorsheets/Colorsheet Wood Red.png
  artifactKey: Guid(ca19cfe9276d1af45a186e87e77f0d18) Importer(815301076,1909f56bfc062723c751e8b465ee728b)
Start importing Assets/stage.obj/fence/LowPolyFencePack/Materials/Colorsheets/Colorsheet Wood Red.png using Guid(ca19cfe9276d1af45a186e87e77f0d18) Importer(815301076,1909f56bfc062723c751e8b465ee728b)  -> (artifact id: 'baba7c7d575a1f0be988759b4c51855e') in 0.033805 seconds 
  Import took 0.038087 seconds .

========================================================================
Received Import Request.
  Time since last request: 0.000237 seconds.
  path: Assets/stage.obj/fence/LowPolyFencePack/Materials/Colorsheets/Colorsheet Wood Yellow.png
  artifactKey: Guid(ab4f5d749d277bf4b97c8e86f257ee9c) Importer(815301076,1909f56bfc062723c751e8b465ee728b)
Start importing Assets/stage.obj/fence/LowPolyFencePack/Materials/Colorsheets/Colorsheet Wood Yellow.png using Guid(ab4f5d749d277bf4b97c8e86f257ee9c) Importer(815301076,1909f56bfc062723c751e8b465ee728b)  -> (artifact id: 'db2ed8cc1d51ebe4c51c3004dc5c0a6c') in 0.038247 seconds 
  Import took 0.042614 seconds .

========================================================================
Received Import Request.
  Time since last request: 880.348617 seconds.
  path: Assets/stage.obj/fence/LowPolyFencePack/Materials/yellow.mat
  artifactKey: Guid(f715946796060df4b94fce11caa8d94d) Importer(815301076,1909f56bfc062723c751e8b465ee728b)
Start importing Assets/stage.obj/fence/LowPolyFencePack/Materials/yellow.mat using Guid(f715946796060df4b94fce11caa8d94d) Importer(815301076,1909f56bfc062723c751e8b465ee728b)  -> (artifact id: '03dcc470068cb3afa16b4ba3cc5a0016') in 0.058589 seconds 
  Import took 0.063692 seconds .

========================================================================
Received Import Request.
  Time since last request: 93.159272 seconds.
  path: Assets/stage.obj/fence/LowPolyFencePack/Materials/yellow.mat
  artifactKey: Guid(f715946796060df4b94fce11caa8d94d) Importer(815301076,1909f56bfc062723c751e8b465ee728b)
Start importing Assets/stage.obj/fence/LowPolyFencePack/Materials/yellow.mat using Guid(f715946796060df4b94fce11caa8d94d) Importer(815301076,1909f56bfc062723c751e8b465ee728b)  -> (artifact id: '02f72321df9a5564913a9bf1b78804db') in 0.137031 seconds 
  Import took 0.141402 seconds .

========================================================================
Received Import Request.
  Time since last request: 46.295978 seconds.
  path: Assets/stage.obj/fence/animation
  artifactKey: Guid(e513f4b63cb26714e95168513aa7b0ab) Importer(815301076,1909f56bfc062723c751e8b465ee728b)
Start importing Assets/stage.obj/fence/animation using Guid(e513f4b63cb26714e95168513aa7b0ab) Importer(815301076,1909f56bfc062723c751e8b465ee728b)  -> (artifact id: '01b4639bf2cbf37e00e581c3734d0ede') in 0.022259 seconds 
  Import took 0.030015 seconds .

========================================================================
Received Import Request.
  Time since last request: 14.216795 seconds.
  path: Assets/stage.obj/fence/animation/yellow.anim
  artifactKey: Guid(54a8bb9dc3060794e9eaf3ee5b94a072) Importer(815301076,1909f56bfc062723c751e8b465ee728b)
Start importing Assets/stage.obj/fence/animation/yellow.anim using Guid(54a8bb9dc3060794e9eaf3ee5b94a072) Importer(815301076,1909f56bfc062723c751e8b465ee728b)  -> (artifact id: '8b472a17f11d85d9134755aac4e232ac') in 0.017583 seconds 
  Import took 0.030650 seconds .

========================================================================
Received Import Request.
  Time since last request: 77.219206 seconds.
  path: Assets/stage.obj/fence/animation/New Animation.anim
  artifactKey: Guid(e6c495a88870ed94cbb69f470a5f8241) Importer(815301076,1909f56bfc062723c751e8b465ee728b)
Start importing Assets/stage.obj/fence/animation/New Animation.anim using Guid(e6c495a88870ed94cbb69f470a5f8241) Importer(815301076,1909f56bfc062723c751e8b465ee728b)  -> (artifact id: '084629795664183d85a6c434f4fd57a4') in 0.019575 seconds 
  Import took 0.026940 seconds .

========================================================================
Received Prepare
Registering precompiled user dll's ...
Registered in 0.004349 seconds.
Begin MonoManager ReloadAssembly
Native extension for WindowsStandalone target not found
Refreshing native plugins compatible for Editor in 0.52 ms, found 2 plugins.
Preloading 0 native plugins for Editor in 0.00 ms.
Mono: successfully reloaded assembly
- Completed reload, in  1.132 seconds
Domain Reload Profiling:
	ReloadAssembly (1132ms)
		BeginReloadAssembly (125ms)
			ExecutionOrderSort (0ms)
			DisableScriptedObjects (4ms)
			BackupInstance (0ms)
			ReleaseScriptingObjects (0ms)
			CreateAndSetChildDomain (37ms)
		EndReloadAssembly (940ms)
			LoadAssemblies (96ms)
			RebuildTransferFunctionScriptingTraits (0ms)
			SetupTypeCache (335ms)
			ReleaseScriptCaches (1ms)
			RebuildScriptCaches (43ms)
			SetupLoadedEditorAssemblies (339ms)
				LogAssemblyErrors (0ms)
				InitializePlatformSupportModulesInManaged (5ms)
				SetLoadedEditorAssemblies (0ms)
				RefreshPlugins (1ms)
				BeforeProcessingInitializeOnLoad (103ms)
				ProcessInitializeOnLoadAttributes (219ms)
				ProcessInitializeOnLoadMethodAttributes (4ms)
				AfterProcessingInitializeOnLoad (7ms)
				EditorAssembliesLoaded (0ms)
			ExecutionOrderSort2 (0ms)
			AwakeInstancesAfterBackupRestoration (7ms)
Platform modules already initialized, skipping
Refreshing native plugins compatible for Editor in 0.54 ms, found 2 plugins.
Preloading 0 native plugins for Editor in 0.00 ms.
Unloading 1857 Unused Serialized files (Serialized files now loaded: 0)
System memory in use before: 114.0 MB.
System memory in use after: 112.1 MB.

Unloading 47 unused Assets to reduce memory usage. Loaded Objects now: 2352.
Total: 4.380000 ms (FindLiveObjects: 0.218300 ms CreateObjectMapping: 0.084300 ms MarkObjects: 2.551900 ms  DeleteObjects: 1.523700 ms)

AssetImportParameters requested are different than current active one (requested -> active):
  custom:framework-win-MediaFoundation: 216162199b28c13a410421893ffa2e32 -> 
  custom:video-decoder-ogg-theora: a1e56fd34408186e4bbccfd4996cb3dc -> 
  custom:container-muxer-webm: aa71ff27fc2769a1b78a27578f13a17b -> 
  custom:container-demuxer-webm: 4f35f7cbe854078d1ac9338744f61a02 -> 
  custom:container-demuxer-ogg: 62fdf1f143b41e24485cea50d1cbac27 -> 
  custom:video-encoder-webm-vp8: eb34c28f22e8b96e1ab97ce403110664 -> 
  custom:video-decoder-webm-vp8: 9c59270c3fd7afecdb556c50c9e8de78 -> 
  custom:audio-decoder-ogg-vorbis: bf7c407c2cedff20999df2af8eb42d56 -> 
  custom:audio-encoder-webm-vorbis: bf7c407c2cedff20999df2af8eb42d56 -> 
========================================================================
Received Import Request.
  Time since last request: 745.162637 seconds.
  path: ProjectSettings/TagManager.asset
  artifactKey: Guid(00000000000000003000000000000000) Importer(815301076,1909f56bfc062723c751e8b465ee728b)
Start importing ProjectSettings/TagManager.asset using Guid(00000000000000003000000000000000) Importer(815301076,1909f56bfc062723c751e8b465ee728b)  -> (artifact id: '390b689eda2f42dc997e243803c21b1f') in 0.070170 seconds 
  Import took 0.082866 seconds .

========================================================================
Received Import Request.
  Time since last request: 112.721195 seconds.
  path: Assets/stage.obj/fence/LowPolyFencePack/Materials/invisible.mat
  artifactKey: Guid(cdd9e7ed8c5eea64fabfcc7393572750) Importer(815301076,1909f56bfc062723c751e8b465ee728b)
Start importing Assets/stage.obj/fence/LowPolyFencePack/Materials/invisible.mat using Guid(cdd9e7ed8c5eea64fabfcc7393572750) Importer(815301076,1909f56bfc062723c751e8b465ee728b)  -> (artifact id: 'a5de8ca9537b754fd14d943deaa134e3') in 0.116695 seconds 
  Import took 0.127959 seconds .

========================================================================
Received Import Request.
  Time since last request: 72.275849 seconds.
  path: Assets/stage.obj/fence/LowPolyFencePack/Materials/invisible.mat
  artifactKey: Guid(cdd9e7ed8c5eea64fabfcc7393572750) Importer(815301076,1909f56bfc062723c751e8b465ee728b)
Start importing Assets/stage.obj/fence/LowPolyFencePack/Materials/invisible.mat using Guid(cdd9e7ed8c5eea64fabfcc7393572750) Importer(815301076,1909f56bfc062723c751e8b465ee728b)  -> (artifact id: '71f25cfcdc318e5dcf8ce31ea17240a7') in 0.066612 seconds 
  Import took 0.074214 seconds .

========================================================================
Received Import Request.
  Time since last request: 61.147384 seconds.
  path: Assets/stage.obj/fence/LowPolyFencePack/Materials/invisible.mat
  artifactKey: Guid(cdd9e7ed8c5eea64fabfcc7393572750) Importer(815301076,1909f56bfc062723c751e8b465ee728b)
Start importing Assets/stage.obj/fence/LowPolyFencePack/Materials/invisible.mat using Guid(cdd9e7ed8c5eea64fabfcc7393572750) Importer(815301076,1909f56bfc062723c751e8b465ee728b)  -> (artifact id: 'f77f69fc30c26b52ec00a7cfdf20a6d2') in 0.050940 seconds 
  Import took 0.060767 seconds .

========================================================================
Received Import Request.
  Time since last request: 106.944795 seconds.
  path: ProjectSettings/TagManager.asset
  artifactKey: Guid(00000000000000003000000000000000) Importer(815301076,1909f56bfc062723c751e8b465ee728b)
Start importing ProjectSettings/TagManager.asset using Guid(00000000000000003000000000000000) Importer(815301076,1909f56bfc062723c751e8b465ee728b)  -> (artifact id: '64d5abeb3705858ceac2dcee46c196fc') in 0.032360 seconds 
  Import took 0.048476 seconds .

========================================================================
Received Import Request.
  Time since last request: 282.748059 seconds.
  path: Assets/stage.obj/fence/LowPolyFencePack/Materials/invisible.mat
  artifactKey: Guid(cdd9e7ed8c5eea64fabfcc7393572750) Importer(815301076,1909f56bfc062723c751e8b465ee728b)
Start importing Assets/stage.obj/fence/LowPolyFencePack/Materials/invisible.mat using Guid(cdd9e7ed8c5eea64fabfcc7393572750) Importer(815301076,1909f56bfc062723c751e8b465ee728b)  -> (artifact id: 'db92458b41231969a865c4f3016a11ce') in 0.063751 seconds 
  Import took 0.073026 seconds .

========================================================================
Received Prepare
Registering precompiled user dll's ...
Registered in 0.005095 seconds.
Begin MonoManager ReloadAssembly
Native extension for WindowsStandalone target not found
Refreshing native plugins compatible for Editor in 0.76 ms, found 2 plugins.
Preloading 0 native plugins for Editor in 0.00 ms.
Mono: successfully reloaded assembly
- Completed reload, in  1.555 seconds
Domain Reload Profiling:
	ReloadAssembly (1556ms)
		BeginReloadAssembly (267ms)
			ExecutionOrderSort (0ms)
			DisableScriptedObjects (8ms)
			BackupInstance (0ms)
			ReleaseScriptingObjects (0ms)
			CreateAndSetChildDomain (106ms)
		EndReloadAssembly (1132ms)
			LoadAssemblies (195ms)
			RebuildTransferFunctionScriptingTraits (0ms)
			SetupTypeCache (380ms)
			ReleaseScriptCaches (1ms)
			RebuildScriptCaches (63ms)
			SetupLoadedEditorAssemblies (368ms)
				LogAssemblyErrors (0ms)
				InitializePlatformSupportModulesInManaged (5ms)
				SetLoadedEditorAssemblies (1ms)
				RefreshPlugins (1ms)
				BeforeProcessingInitializeOnLoad (110ms)
				ProcessInitializeOnLoadAttributes (238ms)
				ProcessInitializeOnLoadMethodAttributes (4ms)
				AfterProcessingInitializeOnLoad (9ms)
				EditorAssembliesLoaded (0ms)
			ExecutionOrderSort2 (0ms)
			AwakeInstancesAfterBackupRestoration (7ms)
Platform modules already initialized, skipping
Refreshing native plugins compatible for Editor in 0.52 ms, found 2 plugins.
Preloading 0 native plugins for Editor in 0.00 ms.
Unloading 1858 Unused Serialized files (Serialized files now loaded: 0)
System memory in use before: 114.2 MB.
System memory in use after: 112.2 MB.

Unloading 49 unused Assets to reduce memory usage. Loaded Objects now: 2356.
Total: 5.348300 ms (FindLiveObjects: 0.285500 ms CreateObjectMapping: 0.116800 ms MarkObjects: 3.448000 ms  DeleteObjects: 1.496300 ms)

AssetImportParameters requested are different than current active one (requested -> active):
  custom:framework-win-MediaFoundation: 216162199b28c13a410421893ffa2e32 -> 
  custom:video-decoder-ogg-theora: a1e56fd34408186e4bbccfd4996cb3dc -> 
  custom:container-muxer-webm: aa71ff27fc2769a1b78a27578f13a17b -> 
  custom:container-demuxer-webm: 4f35f7cbe854078d1ac9338744f61a02 -> 
  custom:container-demuxer-ogg: 62fdf1f143b41e24485cea50d1cbac27 -> 
  custom:video-encoder-webm-vp8: eb34c28f22e8b96e1ab97ce403110664 -> 
  custom:video-decoder-webm-vp8: 9c59270c3fd7afecdb556c50c9e8de78 -> 
  custom:audio-decoder-ogg-vorbis: bf7c407c2cedff20999df2af8eb42d56 -> 
  custom:audio-encoder-webm-vorbis: bf7c407c2cedff20999df2af8eb42d56 -> 
========================================================================
Received Import Request.
  Time since last request: 443.305863 seconds.
  path: Assets/player
  artifactKey: Guid(e079c03963a856141beff29a55e96ac0) Importer(815301076,1909f56bfc062723c751e8b465ee728b)
Start importing Assets/player using Guid(e079c03963a856141beff29a55e96ac0) Importer(815301076,1909f56bfc062723c751e8b465ee728b)  -> (artifact id: 'eecd7b1f546b5272ece584e782855eec') in 0.031174 seconds 
  Import took 0.035842 seconds .

========================================================================
Received Prepare
Registering precompiled user dll's ...
Registered in 0.004810 seconds.
Begin MonoManager ReloadAssembly
Native extension for WindowsStandalone target not found
Refreshing native plugins compatible for Editor in 0.96 ms, found 2 plugins.
Preloading 0 native plugins for Editor in 0.00 ms.
Mono: successfully reloaded assembly
- Completed reload, in  1.513 seconds
Domain Reload Profiling:
	ReloadAssembly (1514ms)
		BeginReloadAssembly (231ms)
			ExecutionOrderSort (0ms)
			DisableScriptedObjects (8ms)
			BackupInstance (0ms)
			ReleaseScriptingObjects (0ms)
			CreateAndSetChildDomain (49ms)
		EndReloadAssembly (1073ms)
			LoadAssemblies (227ms)
			RebuildTransferFunctionScriptingTraits (0ms)
			SetupTypeCache (372ms)
			ReleaseScriptCaches (1ms)
			RebuildScriptCaches (45ms)
			SetupLoadedEditorAssemblies (384ms)
				LogAssemblyErrors (0ms)
				InitializePlatformSupportModulesInManaged (5ms)
				SetLoadedEditorAssemblies (1ms)
				RefreshPlugins (1ms)
				BeforeProcessingInitializeOnLoad (125ms)
				ProcessInitializeOnLoadAttributes (238ms)
				ProcessInitializeOnLoadMethodAttributes (5ms)
				AfterProcessingInitializeOnLoad (8ms)
				EditorAssembliesLoaded (0ms)
			ExecutionOrderSort2 (0ms)
			AwakeInstancesAfterBackupRestoration (9ms)
Platform modules already initialized, skipping
Refreshing native plugins compatible for Editor in 0.77 ms, found 2 plugins.
Preloading 0 native plugins for Editor in 0.00 ms.
Unloading 1858 Unused Serialized files (Serialized files now loaded: 0)
System memory in use before: 114.2 MB.
System memory in use after: 112.2 MB.

Unloading 47 unused Assets to reduce memory usage. Loaded Objects now: 2358.
Total: 5.996300 ms (FindLiveObjects: 0.303400 ms CreateObjectMapping: 0.092200 ms MarkObjects: 3.827300 ms  DeleteObjects: 1.771900 ms)

AssetImportParameters requested are different than current active one (requested -> active):
  custom:framework-win-MediaFoundation: 216162199b28c13a410421893ffa2e32 -> 
  custom:video-decoder-ogg-theora: a1e56fd34408186e4bbccfd4996cb3dc -> 
  custom:container-muxer-webm: aa71ff27fc2769a1b78a27578f13a17b -> 
  custom:container-demuxer-webm: 4f35f7cbe854078d1ac9338744f61a02 -> 
  custom:container-demuxer-ogg: 62fdf1f143b41e24485cea50d1cbac27 -> 
  custom:video-encoder-webm-vp8: eb34c28f22e8b96e1ab97ce403110664 -> 
  custom:video-decoder-webm-vp8: 9c59270c3fd7afecdb556c50c9e8de78 -> 
  custom:audio-decoder-ogg-vorbis: bf7c407c2cedff20999df2af8eb42d56 -> 
  custom:audio-encoder-webm-vorbis: bf7c407c2cedff20999df2af8eb42d56 -> 
========================================================================
Received Import Request.
  Time since last request: 11.194767 seconds.
  path: Assets/player/New Folder
  artifactKey: Guid(0efe75718090c5a45b9f812b04578e89) Importer(815301076,1909f56bfc062723c751e8b465ee728b)
Start importing Assets/player/New Folder using Guid(0efe75718090c5a45b9f812b04578e89) Importer(815301076,1909f56bfc062723c751e8b465ee728b)  -> (artifact id: 'cfcc3d6c0bc9c78f9bf59661e6aa52d4') in 0.017563 seconds 
  Import took 0.021743 seconds .

========================================================================
Received Prepare
Registering precompiled user dll's ...
Registered in 0.004015 seconds.
Begin MonoManager ReloadAssembly
Native extension for WindowsStandalone target not found
Refreshing native plugins compatible for Editor in 3.84 ms, found 2 plugins.
Preloading 0 native plugins for Editor in 0.00 ms.
Mono: successfully reloaded assembly
- Completed reload, in  2.517 seconds
Domain Reload Profiling:
	ReloadAssembly (2518ms)
		BeginReloadAssembly (303ms)
			ExecutionOrderSort (0ms)
			DisableScriptedObjects (45ms)
			BackupInstance (0ms)
			ReleaseScriptingObjects (0ms)
			CreateAndSetChildDomain (64ms)
		EndReloadAssembly (2078ms)
			LoadAssemblies (419ms)
			RebuildTransferFunctionScriptingTraits (0ms)
			SetupTypeCache (729ms)
			ReleaseScriptCaches (1ms)
			RebuildScriptCaches (102ms)
			SetupLoadedEditorAssemblies (607ms)
				LogAssemblyErrors (0ms)
				InitializePlatformSupportModulesInManaged (9ms)
				SetLoadedEditorAssemblies (0ms)
				RefreshPlugins (4ms)
				BeforeProcessingInitializeOnLoad (169ms)
				ProcessInitializeOnLoadAttributes (403ms)
				ProcessInitializeOnLoadMethodAttributes (6ms)
				AfterProcessingInitializeOnLoad (15ms)
				EditorAssembliesLoaded (0ms)
			ExecutionOrderSort2 (0ms)
			AwakeInstancesAfterBackupRestoration (14ms)
Platform modules already initialized, skipping
Refreshing native plugins compatible for Editor in 0.80 ms, found 2 plugins.
Preloading 0 native plugins for Editor in 0.00 ms.
Unloading 1858 Unused Serialized files (Serialized files now loaded: 0)
System memory in use before: 114.1 MB.
System memory in use after: 112.2 MB.

Unloading 47 unused Assets to reduce memory usage. Loaded Objects now: 2360.
Total: 11.427800 ms (FindLiveObjects: 0.315900 ms CreateObjectMapping: 0.097400 ms MarkObjects: 4.069000 ms  DeleteObjects: 6.943800 ms)

AssetImportParameters requested are different than current active one (requested -> active):
  custom:framework-win-MediaFoundation: 216162199b28c13a410421893ffa2e32 -> 
  custom:video-decoder-ogg-theora: a1e56fd34408186e4bbccfd4996cb3dc -> 
  custom:container-muxer-webm: aa71ff27fc2769a1b78a27578f13a17b -> 
  custom:container-demuxer-webm: 4f35f7cbe854078d1ac9338744f61a02 -> 
  custom:container-demuxer-ogg: 62fdf1f143b41e24485cea50d1cbac27 -> 
  custom:video-encoder-webm-vp8: eb34c28f22e8b96e1ab97ce403110664 -> 
  custom:video-decoder-webm-vp8: 9c59270c3fd7afecdb556c50c9e8de78 -> 
  custom:audio-decoder-ogg-vorbis: bf7c407c2cedff20999df2af8eb42d56 -> 
  custom:audio-encoder-webm-vorbis: bf7c407c2cedff20999df2af8eb42d56 -> 
========================================================================
Received Import Request.
  Time since last request: 49.441465 seconds.
  path: Assets/player/program
  artifactKey: Guid(0efe75718090c5a45b9f812b04578e89) Importer(815301076,1909f56bfc062723c751e8b465ee728b)
Start importing Assets/player/program using Guid(0efe75718090c5a45b9f812b04578e89) Importer(815301076,1909f56bfc062723c751e8b465ee728b)  -> (artifact id: 'fd626d90dcf18204972a640268c09a3e') in 0.024313 seconds 
  Import took 0.037215 seconds .

========================================================================
Received Import Request.
  Time since last request: 0.080931 seconds.
  path: Assets/player/program/MovementstateManager.cs
  artifactKey: Guid(d7ba8b98c8ddd0f4995a1084ffc78608) Importer(815301076,1909f56bfc062723c751e8b465ee728b)
Start importing Assets/player/program/MovementstateManager.cs using Guid(d7ba8b98c8ddd0f4995a1084ffc78608) Importer(815301076,1909f56bfc062723c751e8b465ee728b)  -> (artifact id: '74e6e776b5368aa66d552f57797ce078') in 0.032516 seconds 
  Import took 0.036606 seconds .

========================================================================
Received Prepare
Registering precompiled user dll's ...
Registered in 0.007036 seconds.
Begin MonoManager ReloadAssembly
Native extension for WindowsStandalone target not found
Refreshing native plugins compatible for Editor in 0.54 ms, found 2 plugins.
Preloading 0 native plugins for Editor in 0.00 ms.
Mono: successfully reloaded assembly
- Completed reload, in  1.485 seconds
Domain Reload Profiling:
	ReloadAssembly (1486ms)
		BeginReloadAssembly (146ms)
			ExecutionOrderSort (0ms)
			DisableScriptedObjects (5ms)
			BackupInstance (0ms)
			ReleaseScriptingObjects (0ms)
			CreateAndSetChildDomain (39ms)
		EndReloadAssembly (1258ms)
			LoadAssemblies (111ms)
			RebuildTransferFunctionScriptingTraits (0ms)
			SetupTypeCache (394ms)
			ReleaseScriptCaches (1ms)
			RebuildScriptCaches (103ms)
			SetupLoadedEditorAssemblies (447ms)
				LogAssemblyErrors (0ms)
				InitializePlatformSupportModulesInManaged (7ms)
				SetLoadedEditorAssemblies (1ms)
				RefreshPlugins (1ms)
				BeforeProcessingInitializeOnLoad (128ms)
				ProcessInitializeOnLoadAttributes (294ms)
				ProcessInitializeOnLoadMethodAttributes (7ms)
				AfterProcessingInitializeOnLoad (9ms)
				EditorAssembliesLoaded (0ms)
			ExecutionOrderSort2 (0ms)
			AwakeInstancesAfterBackupRestoration (12ms)
Platform modules already initialized, skipping
Refreshing native plugins compatible for Editor in 0.53 ms, found 2 plugins.
Preloading 0 native plugins for Editor in 0.00 ms.
Unloading 1858 Unused Serialized files (Serialized files now loaded: 0)
System memory in use before: 114.1 MB.
System memory in use after: 112.2 MB.

Unloading 47 unused Assets to reduce memory usage. Loaded Objects now: 2362.
Total: 6.832000 ms (FindLiveObjects: 0.313000 ms CreateObjectMapping: 0.112400 ms MarkObjects: 3.914400 ms  DeleteObjects: 2.490300 ms)

AssetImportParameters requested are different than current active one (requested -> active):
  custom:framework-win-MediaFoundation: 216162199b28c13a410421893ffa2e32 -> 
  custom:video-decoder-ogg-theora: a1e56fd34408186e4bbccfd4996cb3dc -> 
  custom:container-muxer-webm: aa71ff27fc2769a1b78a27578f13a17b -> 
  custom:container-demuxer-webm: 4f35f7cbe854078d1ac9338744f61a02 -> 
  custom:container-demuxer-ogg: 62fdf1f143b41e24485cea50d1cbac27 -> 
  custom:video-encoder-webm-vp8: eb34c28f22e8b96e1ab97ce403110664 -> 
  custom:video-decoder-webm-vp8: 9c59270c3fd7afecdb556c50c9e8de78 -> 
  custom:audio-decoder-ogg-vorbis: bf7c407c2cedff20999df2af8eb42d56 -> 
  custom:audio-encoder-webm-vorbis: bf7c407c2cedff20999df2af8eb42d56 -> 
========================================================================
Received Import Request.
  Time since last request: 1462.493046 seconds.
  path: Assets/player/program/MovementstateManager.cs
  artifactKey: Guid(d7ba8b98c8ddd0f4995a1084ffc78608) Importer(815301076,1909f56bfc062723c751e8b465ee728b)
Start importing Assets/player/program/MovementstateManager.cs using Guid(d7ba8b98c8ddd0f4995a1084ffc78608) Importer(815301076,1909f56bfc062723c751e8b465ee728b)  -> (artifact id: 'ab3611a4de64cda6eb27a28de3fb4a1b') in 0.053498 seconds 
  Import took 0.059685 seconds .

========================================================================
Received Prepare
Registering precompiled user dll's ...
Registered in 0.004551 seconds.
Begin MonoManager ReloadAssembly
Native extension for WindowsStandalone target not found
Refreshing native plugins compatible for Editor in 0.74 ms, found 2 plugins.
Preloading 0 native plugins for Editor in 0.00 ms.
Mono: successfully reloaded assembly
- Completed reload, in  1.496 seconds
Domain Reload Profiling:
	ReloadAssembly (1496ms)
		BeginReloadAssembly (188ms)
			ExecutionOrderSort (0ms)
			DisableScriptedObjects (5ms)
			BackupInstance (0ms)
			ReleaseScriptingObjects (0ms)
			CreateAndSetChildDomain (57ms)
		EndReloadAssembly (1181ms)
			LoadAssemblies (140ms)
			RebuildTransferFunctionScriptingTraits (0ms)
			SetupTypeCache (454ms)
			ReleaseScriptCaches (1ms)
			RebuildScriptCaches (72ms)
			SetupLoadedEditorAssemblies (372ms)
				LogAssemblyErrors (0ms)
				InitializePlatformSupportModulesInManaged (6ms)
				SetLoadedEditorAssemblies (1ms)
				RefreshPlugins (1ms)
				BeforeProcessingInitializeOnLoad (110ms)
				ProcessInitializeOnLoadAttributes (242ms)
				ProcessInitializeOnLoadMethodAttributes (5ms)
				AfterProcessingInitializeOnLoad (6ms)
				EditorAssembliesLoaded (0ms)
			ExecutionOrderSort2 (0ms)
			AwakeInstancesAfterBackupRestoration (9ms)
Platform modules already initialized, skipping
Refreshing native plugins compatible for Editor in 0.58 ms, found 2 plugins.
Preloading 0 native plugins for Editor in 0.00 ms.
Unloading 1858 Unused Serialized files (Serialized files now loaded: 0)
System memory in use before: 114.2 MB.
System memory in use after: 112.2 MB.

Unloading 47 unused Assets to reduce memory usage. Loaded Objects now: 2364.
Total: 5.328300 ms (FindLiveObjects: 0.213300 ms CreateObjectMapping: 0.072800 ms MarkObjects: 3.219100 ms  DeleteObjects: 1.821500 ms)

AssetImportParameters requested are different than current active one (requested -> active):
  custom:framework-win-MediaFoundation: 216162199b28c13a410421893ffa2e32 -> 
  custom:video-decoder-ogg-theora: a1e56fd34408186e4bbccfd4996cb3dc -> 
  custom:container-muxer-webm: aa71ff27fc2769a1b78a27578f13a17b -> 
  custom:container-demuxer-webm: 4f35f7cbe854078d1ac9338744f61a02 -> 
  custom:container-demuxer-ogg: 62fdf1f143b41e24485cea50d1cbac27 -> 
  custom:video-encoder-webm-vp8: eb34c28f22e8b96e1ab97ce403110664 -> 
  custom:video-decoder-webm-vp8: 9c59270c3fd7afecdb556c50c9e8de78 -> 
  custom:audio-decoder-ogg-vorbis: bf7c407c2cedff20999df2af8eb42d56 -> 
  custom:audio-encoder-webm-vorbis: bf7c407c2cedff20999df2af8eb42d56 -> 
========================================================================
Received Prepare
Registering precompiled user dll's ...
Registered in 0.007642 seconds.
Begin MonoManager ReloadAssembly
Native extension for WindowsStandalone target not found
Refreshing native plugins compatible for Editor in 0.59 ms, found 2 plugins.
Preloading 0 native plugins for Editor in 0.00 ms.
Mono: successfully reloaded assembly
- Completed reload, in  1.920 seconds
Domain Reload Profiling:
	ReloadAssembly (1920ms)
		BeginReloadAssembly (135ms)
			ExecutionOrderSort (0ms)
			DisableScriptedObjects (5ms)
			BackupInstance (0ms)
			ReleaseScriptingObjects (0ms)
			CreateAndSetChildDomain (35ms)
		EndReloadAssembly (1709ms)
			LoadAssemblies (103ms)
			RebuildTransferFunctionScriptingTraits (0ms)
			SetupTypeCache (488ms)
			ReleaseScriptCaches (1ms)
			RebuildScriptCaches (194ms)
			SetupLoadedEditorAssemblies (418ms)
				LogAssemblyErrors (0ms)
				InitializePlatformSupportModulesInManaged (5ms)
				SetLoadedEditorAssemblies (0ms)
				RefreshPlugins (1ms)
				BeforeProcessingInitializeOnLoad (172ms)
				ProcessInitializeOnLoadAttributes (226ms)
				ProcessInitializeOnLoadMethodAttributes (5ms)
				AfterProcessingInitializeOnLoad (9ms)
				EditorAssembliesLoaded (0ms)
			ExecutionOrderSort2 (0ms)
			AwakeInstancesAfterBackupRestoration (7ms)
Platform modules already initialized, skipping
Refreshing native plugins compatible for Editor in 0.75 ms, found 2 plugins.
Preloading 0 native plugins for Editor in 0.00 ms.
Unloading 1858 Unused Serialized files (Serialized files now loaded: 0)
System memory in use before: 114.2 MB.
System memory in use after: 112.2 MB.

Unloading 47 unused Assets to reduce memory usage. Loaded Objects now: 2366.
Total: 5.782600 ms (FindLiveObjects: 0.282800 ms CreateObjectMapping: 0.103700 ms MarkObjects: 3.145600 ms  DeleteObjects: 2.249300 ms)

AssetImportParameters requested are different than current active one (requested -> active):
  custom:framework-win-MediaFoundation: 216162199b28c13a410421893ffa2e32 -> 
  custom:video-decoder-ogg-theora: a1e56fd34408186e4bbccfd4996cb3dc -> 
  custom:container-muxer-webm: aa71ff27fc2769a1b78a27578f13a17b -> 
  custom:container-demuxer-webm: 4f35f7cbe854078d1ac9338744f61a02 -> 
  custom:container-demuxer-ogg: 62fdf1f143b41e24485cea50d1cbac27 -> 
  custom:video-encoder-webm-vp8: eb34c28f22e8b96e1ab97ce403110664 -> 
  custom:video-decoder-webm-vp8: 9c59270c3fd7afecdb556c50c9e8de78 -> 
  custom:audio-decoder-ogg-vorbis: bf7c407c2cedff20999df2af8eb42d56 -> 
  custom:audio-encoder-webm-vorbis: bf7c407c2cedff20999df2af8eb42d56 -> 
========================================================================
Received Import Request.
  Time since last request: 206.291147 seconds.
  path: ProjectSettings/TagManager.asset
  artifactKey: Guid(00000000000000003000000000000000) Importer(815301076,1909f56bfc062723c751e8b465ee728b)
Start importing ProjectSettings/TagManager.asset using Guid(00000000000000003000000000000000) Importer(815301076,1909f56bfc062723c751e8b465ee728b)  -> (artifact id: '61e7d77dfaba2980a5cace2838c98f5f') in 0.033271 seconds 
  Import took 0.037294 seconds .

========================================================================
Received Prepare
Registering precompiled user dll's ...
Registered in 0.007093 seconds.
Begin MonoManager ReloadAssembly
Native extension for WindowsStandalone target not found
Refreshing native plugins compatible for Editor in 0.80 ms, found 2 plugins.
Preloading 0 native plugins for Editor in 0.00 ms.
Mono: successfully reloaded assembly
- Completed reload, in  1.224 seconds
Domain Reload Profiling:
	ReloadAssembly (1225ms)
		BeginReloadAssembly (212ms)
			ExecutionOrderSort (0ms)
			DisableScriptedObjects (7ms)
			BackupInstance (0ms)
			ReleaseScriptingObjects (0ms)
			CreateAndSetChildDomain (62ms)
		EndReloadAssembly (938ms)
			LoadAssemblies (135ms)
			RebuildTransferFunctionScriptingTraits (0ms)
			SetupTypeCache (313ms)
			ReleaseScriptCaches (1ms)
			RebuildScriptCaches (51ms)
			SetupLoadedEditorAssemblies (330ms)
				LogAssemblyErrors (0ms)
				InitializePlatformSupportModulesInManaged (6ms)
				SetLoadedEditorAssemblies (1ms)
				RefreshPlugins (1ms)
				BeforeProcessingInitializeOnLoad (101ms)
				ProcessInitializeOnLoadAttributes (209ms)
				ProcessInitializeOnLoadMethodAttributes (4ms)
				AfterProcessingInitializeOnLoad (7ms)
				EditorAssembliesLoaded (0ms)
			ExecutionOrderSort2 (0ms)
			AwakeInstancesAfterBackupRestoration (7ms)
Platform modules already initialized, skipping
Refreshing native plugins compatible for Editor in 0.78 ms, found 2 plugins.
Preloading 0 native plugins for Editor in 0.00 ms.
Unloading 1858 Unused Serialized files (Serialized files now loaded: 0)
System memory in use before: 114.1 MB.
System memory in use after: 112.2 MB.

Unloading 48 unused Assets to reduce memory usage. Loaded Objects now: 2368.
Total: 5.497500 ms (FindLiveObjects: 0.295600 ms CreateObjectMapping: 0.118200 ms MarkObjects: 3.254800 ms  DeleteObjects: 1.827100 ms)

AssetImportParameters requested are different than current active one (requested -> active):
  custom:framework-win-MediaFoundation: 216162199b28c13a410421893ffa2e32 -> 
  custom:video-decoder-ogg-theora: a1e56fd34408186e4bbccfd4996cb3dc -> 
  custom:container-muxer-webm: aa71ff27fc2769a1b78a27578f13a17b -> 
  custom:container-demuxer-webm: 4f35f7cbe854078d1ac9338744f61a02 -> 
  custom:container-demuxer-ogg: 62fdf1f143b41e24485cea50d1cbac27 -> 
  custom:video-encoder-webm-vp8: eb34c28f22e8b96e1ab97ce403110664 -> 
  custom:video-decoder-webm-vp8: 9c59270c3fd7afecdb556c50c9e8de78 -> 
  custom:audio-decoder-ogg-vorbis: bf7c407c2cedff20999df2af8eb42d56 -> 
  custom:audio-encoder-webm-vorbis: bf7c407c2cedff20999df2af8eb42d56 -> 
========================================================================
Received Prepare
Registering precompiled user dll's ...
Registered in 0.005466 seconds.
Begin MonoManager ReloadAssembly
Native extension for WindowsStandalone target not found
Refreshing native plugins compatible for Editor in 0.53 ms, found 2 plugins.
Preloading 0 native plugins for Editor in 0.00 ms.
Mono: successfully reloaded assembly
- Completed reload, in  1.237 seconds
Domain Reload Profiling:
	ReloadAssembly (1238ms)
		BeginReloadAssembly (181ms)
			ExecutionOrderSort (0ms)
			DisableScriptedObjects (7ms)
			BackupInstance (0ms)
			ReleaseScriptingObjects (0ms)
			CreateAndSetChildDomain (39ms)
		EndReloadAssembly (937ms)
			LoadAssemblies (142ms)
			RebuildTransferFunctionScriptingTraits (0ms)
			SetupTypeCache (364ms)
			ReleaseScriptCaches (1ms)
			RebuildScriptCaches (42ms)
			SetupLoadedEditorAssemblies (320ms)
				LogAssemblyErrors (0ms)
				InitializePlatformSupportModulesInManaged (5ms)
				SetLoadedEditorAssemblies (0ms)
				RefreshPlugins (1ms)
				BeforeProcessingInitializeOnLoad (93ms)
				ProcessInitializeOnLoadAttributes (209ms)
				ProcessInitializeOnLoadMethodAttributes (4ms)
				AfterProcessingInitializeOnLoad (7ms)
				EditorAssembliesLoaded (1ms)
			ExecutionOrderSort2 (0ms)
			AwakeInstancesAfterBackupRestoration (8ms)
Platform modules already initialized, skipping
Refreshing native plugins compatible for Editor in 0.51 ms, found 2 plugins.
Preloading 0 native plugins for Editor in 0.00 ms.
Unloading 1858 Unused Serialized files (Serialized files now loaded: 0)
System memory in use before: 114.2 MB.
System memory in use after: 112.2 MB.

Unloading 47 unused Assets to reduce memory usage. Loaded Objects now: 2370.
Total: 4.582100 ms (FindLiveObjects: 0.211500 ms CreateObjectMapping: 0.072600 ms MarkObjects: 2.745100 ms  DeleteObjects: 1.551500 ms)

AssetImportParameters requested are different than current active one (requested -> active):
  custom:framework-win-MediaFoundation: 216162199b28c13a410421893ffa2e32 -> 
  custom:video-decoder-ogg-theora: a1e56fd34408186e4bbccfd4996cb3dc -> 
  custom:container-muxer-webm: aa71ff27fc2769a1b78a27578f13a17b -> 
  custom:container-demuxer-webm: 4f35f7cbe854078d1ac9338744f61a02 -> 
  custom:container-demuxer-ogg: 62fdf1f143b41e24485cea50d1cbac27 -> 
  custom:video-encoder-webm-vp8: eb34c28f22e8b96e1ab97ce403110664 -> 
  custom:video-decoder-webm-vp8: 9c59270c3fd7afecdb556c50c9e8de78 -> 
  custom:audio-decoder-ogg-vorbis: bf7c407c2cedff20999df2af8eb42d56 -> 
  custom:audio-encoder-webm-vorbis: bf7c407c2cedff20999df2af8eb42d56 -> 
========================================================================
Received Prepare
Registering precompiled user dll's ...
Registered in 0.003542 seconds.
Begin MonoManager ReloadAssembly
Native extension for WindowsStandalone target not found
Refreshing native plugins compatible for Editor in 8.06 ms, found 2 plugins.
Preloading 0 native plugins for Editor in 0.00 ms.
Mono: successfully reloaded assembly
- Completed reload, in  1.307 seconds
Domain Reload Profiling:
	ReloadAssembly (1308ms)
		BeginReloadAssembly (130ms)
			ExecutionOrderSort (0ms)
			DisableScriptedObjects (5ms)
			BackupInstance (0ms)
			ReleaseScriptingObjects (0ms)
			CreateAndSetChildDomain (43ms)
		EndReloadAssembly (1106ms)
			LoadAssemblies (98ms)
			RebuildTransferFunctionScriptingTraits (0ms)
			SetupTypeCache (336ms)
			ReleaseScriptCaches (1ms)
			RebuildScriptCaches (47ms)
			SetupLoadedEditorAssemblies (495ms)
				LogAssemblyErrors (0ms)
				InitializePlatformSupportModulesInManaged (9ms)
				SetLoadedEditorAssemblies (1ms)
				RefreshPlugins (8ms)
				BeforeProcessingInitializeOnLoad (123ms)
				ProcessInitializeOnLoadAttributes (340ms)
				ProcessInitializeOnLoadMethodAttributes (5ms)
				AfterProcessingInitializeOnLoad (10ms)
				EditorAssembliesLoaded (0ms)
			ExecutionOrderSort2 (0ms)
			AwakeInstancesAfterBackupRestoration (8ms)
Platform modules already initialized, skipping
Refreshing native plugins compatible for Editor in 1.21 ms, found 2 plugins.
Preloading 0 native plugins for Editor in 0.00 ms.
Unloading 1858 Unused Serialized files (Serialized files now loaded: 0)
System memory in use before: 114.3 MB.
System memory in use after: 112.2 MB.

Unloading 47 unused Assets to reduce memory usage. Loaded Objects now: 2372.
Total: 5.727900 ms (FindLiveObjects: 0.526200 ms CreateObjectMapping: 0.254000 ms MarkObjects: 2.841200 ms  DeleteObjects: 2.104500 ms)

AssetImportParameters requested are different than current active one (requested -> active):
  custom:framework-win-MediaFoundation: 216162199b28c13a410421893ffa2e32 -> 
  custom:video-decoder-ogg-theora: a1e56fd34408186e4bbccfd4996cb3dc -> 
  custom:container-muxer-webm: aa71ff27fc2769a1b78a27578f13a17b -> 
  custom:container-demuxer-webm: 4f35f7cbe854078d1ac9338744f61a02 -> 
  custom:container-demuxer-ogg: 62fdf1f143b41e24485cea50d1cbac27 -> 
  custom:video-encoder-webm-vp8: eb34c28f22e8b96e1ab97ce403110664 -> 
  custom:video-decoder-webm-vp8: 9c59270c3fd7afecdb556c50c9e8de78 -> 
  custom:audio-decoder-ogg-vorbis: bf7c407c2cedff20999df2af8eb42d56 -> 
  custom:audio-encoder-webm-vorbis: bf7c407c2cedff20999df2af8eb42d56 -> 
========================================================================
Received Prepare
Registering precompiled user dll's ...
Registered in 0.004640 seconds.
Begin MonoManager ReloadAssembly
Native extension for WindowsStandalone target not found
Refreshing native plugins compatible for Editor in 0.52 ms, found 2 plugins.
Preloading 0 native plugins for Editor in 0.00 ms.
Mono: successfully reloaded assembly
- Completed reload, in  1.277 seconds
Domain Reload Profiling:
	ReloadAssembly (1277ms)
		BeginReloadAssembly (130ms)
			ExecutionOrderSort (0ms)
			DisableScriptedObjects (4ms)
			BackupInstance (0ms)
			ReleaseScriptingObjects (0ms)
			CreateAndSetChildDomain (33ms)
		EndReloadAssembly (1064ms)
			LoadAssemblies (101ms)
			RebuildTransferFunctionScriptingTraits (0ms)
			SetupTypeCache (419ms)
			ReleaseScriptCaches (1ms)
			RebuildScriptCaches (58ms)
			SetupLoadedEditorAssemblies (352ms)
				LogAssemblyErrors (0ms)
				InitializePlatformSupportModulesInManaged (6ms)
				SetLoadedEditorAssemblies (1ms)
				RefreshPlugins (1ms)
				BeforeProcessingInitializeOnLoad (106ms)
				ProcessInitializeOnLoadAttributes (226ms)
				ProcessInitializeOnLoadMethodAttributes (5ms)
				AfterProcessingInitializeOnLoad (8ms)
				EditorAssembliesLoaded (0ms)
			ExecutionOrderSort2 (0ms)
			AwakeInstancesAfterBackupRestoration (9ms)
Platform modules already initialized, skipping
Refreshing native plugins compatible for Editor in 0.76 ms, found 2 plugins.
Preloading 0 native plugins for Editor in 0.00 ms.
Unloading 1858 Unused Serialized files (Serialized files now loaded: 0)
System memory in use before: 114.1 MB.
System memory in use after: 112.2 MB.

Unloading 47 unused Assets to reduce memory usage. Loaded Objects now: 2374.
Total: 4.413900 ms (FindLiveObjects: 0.214500 ms CreateObjectMapping: 0.078000 ms MarkObjects: 2.581800 ms  DeleteObjects: 1.538600 ms)

AssetImportParameters requested are different than current active one (requested -> active):
  custom:framework-win-MediaFoundation: 216162199b28c13a410421893ffa2e32 -> 
  custom:video-decoder-ogg-theora: a1e56fd34408186e4bbccfd4996cb3dc -> 
  custom:container-muxer-webm: aa71ff27fc2769a1b78a27578f13a17b -> 
  custom:container-demuxer-webm: 4f35f7cbe854078d1ac9338744f61a02 -> 
  custom:container-demuxer-ogg: 62fdf1f143b41e24485cea50d1cbac27 -> 
  custom:video-encoder-webm-vp8: eb34c28f22e8b96e1ab97ce403110664 -> 
  custom:video-decoder-webm-vp8: 9c59270c3fd7afecdb556c50c9e8de78 -> 
  custom:audio-decoder-ogg-vorbis: bf7c407c2cedff20999df2af8eb42d56 -> 
  custom:audio-encoder-webm-vorbis: bf7c407c2cedff20999df2af8eb42d56 -> 
AssetImportWorkerClient::OnTransportError - code=2 error=End of file
